2023-09-14 04:54:53.270 [info] Log level: Info
2023-09-14 04:54:53.270 [info] Validating found git in: "git"
2023-09-14 04:54:53.270 [info] Using git "2.34.1" from "git"
2023-09-14 04:54:53.270 [info] > git rev-parse --show-toplevel [5ms]
2023-09-14 04:54:53.270 [info] > git rev-parse --git-dir --git-common-dir [11ms]
2023-09-14 04:54:53.270 [info] Open repository: /home/olawale
2023-09-14 04:54:53.350 [info] > git rev-parse --show-toplevel [6ms]
2023-09-14 04:54:53.352 [info] > git config --get commit.template [54ms]
2023-09-14 04:54:53.387 [info] > git rev-parse --show-toplevel [17ms]
2023-09-14 04:54:53.396 [info] > git for-each-ref --format=%(refname)%00%(upstream:short)%00%(objectname)%00%(upstream:track)%00%(upstream:remotename)%00%(upstream:remoteref) refs/heads/one_branch refs/remotes/one_branch [11ms]
2023-09-14 04:54:53.438 [info] > git rev-parse --show-toplevel [43ms]
2023-09-14 04:54:53.445 [info] > git rev-parse --show-toplevel [1ms]
2023-09-14 04:54:53.454 [info] > git rev-parse --show-toplevel [2ms]
2023-09-14 04:54:53.480 [info] > git rev-parse --show-toplevel [2ms]
2023-09-14 04:54:53.503 [info] > git rev-parse --show-toplevel [13ms]
2023-09-14 04:54:53.552 [info] > git rev-parse --git-dir --git-common-dir [7ms]
2023-09-14 04:54:53.556 [info] Open repository: /home/olawale/learn_git_again
2023-09-14 04:54:53.570 [info] > git status -z -uall [134ms]
2023-09-14 04:54:53.570 [info] > git rev-parse --show-toplevel [3ms]
2023-09-14 04:54:53.571 [info] > git config --get commit.template [6ms]
2023-09-14 04:54:54.327 [info] No remotes found in the git config file.
2023-09-14 04:54:54.338 [info] > git check-ignore -v -z --stdin [18ms]
2023-09-14 04:54:54.339 [info] > git rev-parse --git-dir --git-common-dir [763ms]
2023-09-14 04:54:54.342 [info] Open repository: /home/olawale/merge_conflicts
2023-09-14 04:54:54.368 [info] > git config --get commit.template [35ms]
2023-09-14 04:54:54.368 [info] > git for-each-ref --format=%(refname)%00%(upstream:short)%00%(objectname)%00%(upstream:track)%00%(upstream:remotename)%00%(upstream:remoteref) refs/heads/master refs/remotes/master [42ms]
2023-09-14 04:54:54.392 [info] > git status -z -uall [4ms]
2023-09-14 04:54:54.392 [info] > git rev-parse --show-toplevel [26ms]
2023-09-14 04:54:54.435 [info] No remotes found in the git config file.
2023-09-14 04:54:54.445 [info] > git for-each-ref --format=%(refname)%00%(upstream:short)%00%(objectname)%00%(upstream:track)%00%(upstream:remotename)%00%(upstream:remoteref) refs/heads/one_branch refs/remotes/one_branch [33ms]
2023-09-14 04:54:54.451 [info] > git config --get commit.template [9ms]
2023-09-14 04:54:54.451 [info] > git for-each-ref --format=%(refname)%00%(upstream:short)%00%(objectname)%00%(upstream:track)%00%(upstream:remotename)%00%(upstream:remoteref) refs/heads/main refs/remotes/main [17ms]
2023-09-14 04:54:54.468 [info] No remotes found in the git config file.
2023-09-14 04:54:54.469 [info] > git status -z -uall [12ms]
2023-09-14 04:54:54.477 [info] > git for-each-ref --format=%(refname)%00%(upstream:short)%00%(objectname)%00%(upstream:track)%00%(upstream:remotename)%00%(upstream:remoteref) refs/heads/master refs/remotes/master [9ms]
2023-09-14 04:54:54.496 [info] > git status -z -uall [47ms]
2023-09-14 04:54:54.497 [info] > git status -z -uall [3ms]
2023-09-14 04:54:54.615 [info] No remotes found in the git config file.
2023-09-14 04:54:54.917 [info] > git for-each-ref --format=%(refname)%00%(upstream:short)%00%(objectname)%00%(upstream:track)%00%(upstream:remotename)%00%(upstream:remoteref) refs/heads/main refs/remotes/main [302ms]
2023-09-14 04:54:54.933 [info] > git status -z -uall [12ms]
2023-09-14 04:54:54.969 [info] > git check-ignore -v -z --stdin [19ms]
2023-09-14 04:54:54.970 [info] > git check-ignore -v -z --stdin [11ms]
2023-09-14 04:54:54.971 [info] > git check-ignore -v -z --stdin [8ms]
2023-09-14 04:54:57.019 [info] > git config --get commit.template [2ms]
2023-09-14 04:54:57.026 [info] > git for-each-ref --format=%(refname)%00%(upstream:short)%00%(objectname)%00%(upstream:track)%00%(upstream:remotename)%00%(upstream:remoteref) refs/heads/one_branch refs/remotes/one_branch [1ms]
2023-09-14 04:54:57.049 [info] > git status -z -uall [19ms]
2023-09-14 04:55:02.153 [info] > git config --get commit.template [6ms]
2023-09-14 04:55:02.153 [info] > git for-each-ref --format=%(refname)%00%(upstream:short)%00%(objectname)%00%(upstream:track)%00%(upstream:remotename)%00%(upstream:remoteref) refs/heads/one_branch refs/remotes/one_branch [1ms]
2023-09-14 04:55:02.169 [info] > git status -z -uall [11ms]
2023-09-14 04:55:07.236 [info] > git config --get commit.template [1ms]
2023-09-14 04:55:07.245 [info] > git for-each-ref --format=%(refname)%00%(upstream:short)%00%(objectname)%00%(upstream:track)%00%(upstream:remotename)%00%(upstream:remoteref) refs/heads/one_branch refs/remotes/one_branch [1ms]
2023-09-14 04:55:07.268 [info] > git status -z -uall [16ms]
2023-09-14 04:55:12.361 [info] > git config --get commit.template [0ms]
2023-09-14 04:55:12.367 [info] > git for-each-ref --format=%(refname)%00%(upstream:short)%00%(objectname)%00%(upstream:track)%00%(upstream:remotename)%00%(upstream:remoteref) refs/heads/one_branch refs/remotes/one_branch [1ms]
2023-09-14 04:55:12.385 [info] > git status -z -uall [13ms]
2023-09-14 04:55:17.470 [info] > git config --get commit.template [1ms]
2023-09-14 04:55:17.477 [info] > git for-each-ref --format=%(refname)%00%(upstream:short)%00%(objectname)%00%(upstream:track)%00%(upstream:remotename)%00%(upstream:remoteref) refs/heads/one_branch refs/remotes/one_branch [0ms]
2023-09-14 04:55:17.494 [info] > git status -z -uall [14ms]
2023-09-14 04:55:22.570 [info] > git config --get commit.template [1ms]
2023-09-14 04:55:22.575 [info] > git for-each-ref --format=%(refname)%00%(upstream:short)%00%(objectname)%00%(upstream:track)%00%(upstream:remotename)%00%(upstream:remoteref) refs/heads/one_branch refs/remotes/one_branch [0ms]
2023-09-14 04:55:22.591 [info] > git status -z -uall [12ms]
2023-09-14 04:55:27.658 [info] > git config --get commit.template [1ms]
2023-09-14 04:55:27.662 [info] > git for-each-ref --format=%(refname)%00%(upstream:short)%00%(objectname)%00%(upstream:track)%00%(upstream:remotename)%00%(upstream:remoteref) refs/heads/one_branch refs/remotes/one_branch [0ms]
2023-09-14 04:55:27.689 [info] > git status -z -uall [23ms]
2023-09-14 04:55:32.757 [info] > git config --get commit.template [1ms]
2023-09-14 04:55:32.761 [info] > git for-each-ref --format=%(refname)%00%(upstream:short)%00%(objectname)%00%(upstream:track)%00%(upstream:remotename)%00%(upstream:remoteref) refs/heads/one_branch refs/remotes/one_branch [1ms]
2023-09-14 04:55:32.779 [info] > git status -z -uall [14ms]
2023-09-14 04:55:37.846 [info] > git config --get commit.template [1ms]
2023-09-14 04:55:37.850 [info] > git for-each-ref --format=%(refname)%00%(upstream:short)%00%(objectname)%00%(upstream:track)%00%(upstream:remotename)%00%(upstream:remoteref) refs/heads/one_branch refs/remotes/one_branch [0ms]
2023-09-14 04:55:37.867 [info] > git status -z -uall [13ms]
2023-09-14 04:55:42.935 [info] > git config --get commit.template [0ms]
2023-09-14 04:55:42.941 [info] > git for-each-ref --format=%(refname)%00%(upstream:short)%00%(objectname)%00%(upstream:track)%00%(upstream:remotename)%00%(upstream:remoteref) refs/heads/one_branch refs/remotes/one_branch [0ms]
2023-09-14 04:55:42.961 [info] > git status -z -uall [17ms]
2023-09-14 04:55:48.032 [info] > git config --get commit.template [0ms]
2023-09-14 04:55:48.037 [info] > git for-each-ref --format=%(refname)%00%(upstream:short)%00%(objectname)%00%(upstream:track)%00%(upstream:remotename)%00%(upstream:remoteref) refs/heads/one_branch refs/remotes/one_branch [1ms]
2023-09-14 04:55:48.053 [info] > git status -z -uall [12ms]
2023-09-14 04:55:53.122 [info] > git config --get commit.template [1ms]
2023-09-14 04:55:53.127 [info] > git for-each-ref --format=%(refname)%00%(upstream:short)%00%(objectname)%00%(upstream:track)%00%(upstream:remotename)%00%(upstream:remoteref) refs/heads/one_branch refs/remotes/one_branch [1ms]
2023-09-14 04:55:53.155 [info] > git status -z -uall [25ms]
2023-09-14 04:55:58.226 [info] > git config --get commit.template [0ms]
2023-09-14 04:55:58.230 [info] > git for-each-ref --format=%(refname)%00%(upstream:short)%00%(objectname)%00%(upstream:track)%00%(upstream:remotename)%00%(upstream:remoteref) refs/heads/one_branch refs/remotes/one_branch [0ms]
2023-09-14 04:55:58.247 [info] > git status -z -uall [13ms]
2023-09-14 04:56:03.315 [info] > git config --get commit.template [0ms]
2023-09-14 04:56:03.321 [info] > git for-each-ref --format=%(refname)%00%(upstream:short)%00%(objectname)%00%(upstream:track)%00%(upstream:remotename)%00%(upstream:remoteref) refs/heads/one_branch refs/remotes/one_branch [0ms]
2023-09-14 04:56:03.339 [info] > git status -z -uall [13ms]
2023-09-14 04:56:08.411 [info] > git config --get commit.template [5ms]
2023-09-14 04:56:08.411 [info] > git for-each-ref --format=%(refname)%00%(upstream:short)%00%(objectname)%00%(upstream:track)%00%(upstream:remotename)%00%(upstream:remoteref) refs/heads/one_branch refs/remotes/one_branch [1ms]
2023-09-14 04:56:08.428 [info] > git status -z -uall [11ms]
2023-09-14 04:56:13.496 [info] > git config --get commit.template [1ms]
2023-09-14 04:56:13.503 [info] > git for-each-ref --format=%(refname)%00%(upstream:short)%00%(objectname)%00%(upstream:track)%00%(upstream:remotename)%00%(upstream:remoteref) refs/heads/one_branch refs/remotes/one_branch [1ms]
2023-09-14 04:56:13.521 [info] > git status -z -uall [14ms]
2023-09-14 04:56:18.606 [info] > git config --get commit.template [4ms]
2023-09-14 04:56:18.607 [info] > git for-each-ref --format=%(refname)%00%(upstream:short)%00%(objectname)%00%(upstream:track)%00%(upstream:remotename)%00%(upstream:remoteref) refs/heads/one_branch refs/remotes/one_branch [1ms]
2023-09-14 04:56:18.623 [info] > git status -z -uall [13ms]
2023-09-14 04:56:23.696 [info] > git config --get commit.template [1ms]
2023-09-14 04:56:23.701 [info] > git for-each-ref --format=%(refname)%00%(upstream:short)%00%(objectname)%00%(upstream:track)%00%(upstream:remotename)%00%(upstream:remoteref) refs/heads/one_branch refs/remotes/one_branch [1ms]
2023-09-14 04:56:23.716 [info] > git status -z -uall [11ms]
2023-09-14 04:56:29.111 [info] > git config --get commit.template [1ms]
2023-09-14 04:56:29.116 [info] > git for-each-ref --format=%(refname)%00%(upstream:short)%00%(objectname)%00%(upstream:track)%00%(upstream:remotename)%00%(upstream:remoteref) refs/heads/one_branch refs/remotes/one_branch [1ms]
2023-09-14 04:56:29.142 [info] > git status -z -uall [22ms]
2023-09-14 04:56:34.223 [info] > git config --get commit.template [5ms]
2023-09-14 04:56:34.224 [info] > git for-each-ref --format=%(refname)%00%(upstream:short)%00%(objectname)%00%(upstream:track)%00%(upstream:remotename)%00%(upstream:remoteref) refs/heads/one_branch refs/remotes/one_branch [0ms]
2023-09-14 04:56:34.239 [info] > git status -z -uall [12ms]
2023-09-14 04:56:39.311 [info] > git config --get commit.template [5ms]
2023-09-14 04:56:39.311 [info] > git for-each-ref --format=%(refname)%00%(upstream:short)%00%(objectname)%00%(upstream:track)%00%(upstream:remotename)%00%(upstream:remoteref) refs/heads/one_branch refs/remotes/one_branch [1ms]
2023-09-14 04:56:39.335 [info] > git status -z -uall [20ms]
2023-09-14 04:56:44.403 [info] > git config --get commit.template [1ms]
2023-09-14 04:56:44.407 [info] > git for-each-ref --format=%(refname)%00%(upstream:short)%00%(objectname)%00%(upstream:track)%00%(upstream:remotename)%00%(upstream:remoteref) refs/heads/one_branch refs/remotes/one_branch [1ms]
2023-09-14 04:56:44.425 [info] > git status -z -uall [14ms]
2023-09-14 04:56:51.124 [info] > git config --get commit.template [1ms]
2023-09-14 04:56:51.128 [info] > git for-each-ref --format=%(refname)%00%(upstream:short)%00%(objectname)%00%(upstream:track)%00%(upstream:remotename)%00%(upstream:remoteref) refs/heads/one_branch refs/remotes/one_branch [1ms]
2023-09-14 04:56:51.150 [info] > git status -z -uall [17ms]
2023-09-14 04:56:56.226 [info] > git config --get commit.template [4ms]
2023-09-14 04:56:56.226 [info] > git for-each-ref --format=%(refname)%00%(upstream:short)%00%(objectname)%00%(upstream:track)%00%(upstream:remotename)%00%(upstream:remoteref) refs/heads/one_branch refs/remotes/one_branch [0ms]
2023-09-14 04:56:56.242 [info] > git status -z -uall [12ms]
2023-09-14 04:57:01.309 [info] > git config --get commit.template [0ms]
2023-09-14 04:57:01.314 [info] > git for-each-ref --format=%(refname)%00%(upstream:short)%00%(objectname)%00%(upstream:track)%00%(upstream:remotename)%00%(upstream:remoteref) refs/heads/one_branch refs/remotes/one_branch [1ms]
2023-09-14 04:57:01.332 [info] > git status -z -uall [13ms]
2023-09-14 04:57:07.133 [info] > git config --get commit.template [1ms]
2023-09-14 04:57:07.139 [info] > git for-each-ref --format=%(refname)%00%(upstream:short)%00%(objectname)%00%(upstream:track)%00%(upstream:remotename)%00%(upstream:remoteref) refs/heads/one_branch refs/remotes/one_branch [1ms]
2023-09-14 04:57:07.158 [info] > git status -z -uall [15ms]
2023-09-14 04:57:12.239 [info] > git config --get commit.template [1ms]
2023-09-14 04:57:12.244 [info] > git for-each-ref --format=%(refname)%00%(upstream:short)%00%(objectname)%00%(upstream:track)%00%(upstream:remotename)%00%(upstream:remoteref) refs/heads/one_branch refs/remotes/one_branch [1ms]
2023-09-14 04:57:12.260 [info] > git status -z -uall [13ms]
2023-09-14 04:57:17.338 [info] > git config --get commit.template [1ms]
2023-09-14 04:57:17.342 [info] > git for-each-ref --format=%(refname)%00%(upstream:short)%00%(objectname)%00%(upstream:track)%00%(upstream:remotename)%00%(upstream:remoteref) refs/heads/one_branch refs/remotes/one_branch [0ms]
2023-09-14 04:57:17.358 [info] > git status -z -uall [12ms]
2023-09-14 04:57:25.149 [info] > git config --get commit.template [2ms]
2023-09-14 04:57:25.154 [info] > git for-each-ref --format=%(refname)%00%(upstream:short)%00%(objectname)%00%(upstream:track)%00%(upstream:remotename)%00%(upstream:remoteref) refs/heads/one_branch refs/remotes/one_branch [1ms]
2023-09-14 04:57:25.176 [info] > git status -z -uall [19ms]
2023-09-14 04:57:33.151 [info] > git config --get commit.template [1ms]
2023-09-14 04:57:33.156 [info] > git for-each-ref --format=%(refname)%00%(upstream:short)%00%(objectname)%00%(upstream:track)%00%(upstream:remotename)%00%(upstream:remoteref) refs/heads/one_branch refs/remotes/one_branch [1ms]
2023-09-14 04:57:33.174 [info] > git status -z -uall [15ms]
2023-09-14 04:58:14.172 [info] > git config --get commit.template [0ms]
2023-09-14 04:58:14.176 [info] > git for-each-ref --format=%(refname)%00%(upstream:short)%00%(objectname)%00%(upstream:track)%00%(upstream:remotename)%00%(upstream:remoteref) refs/heads/one_branch refs/remotes/one_branch [0ms]
2023-09-14 04:58:14.194 [info] > git status -z -uall [15ms]
2023-09-14 04:58:35.172 [info] > git config --get commit.template [1ms]
2023-09-14 04:58:35.176 [info] > git for-each-ref --format=%(refname)%00%(upstream:short)%00%(objectname)%00%(upstream:track)%00%(upstream:remotename)%00%(upstream:remoteref) refs/heads/one_branch refs/remotes/one_branch [0ms]
2023-09-14 04:58:35.195 [info] > git status -z -uall [13ms]
2023-09-14 04:58:40.276 [info] > git config --get commit.template [1ms]
2023-09-14 04:58:40.281 [info] > git for-each-ref --format=%(refname)%00%(upstream:short)%00%(objectname)%00%(upstream:track)%00%(upstream:remotename)%00%(upstream:remoteref) refs/heads/one_branch refs/remotes/one_branch [1ms]
2023-09-14 04:58:40.297 [info] > git status -z -uall [12ms]
2023-09-14 04:59:01.182 [info] > git config --get commit.template [1ms]
2023-09-14 04:59:01.186 [info] > git for-each-ref --format=%(refname)%00%(upstream:short)%00%(objectname)%00%(upstream:track)%00%(upstream:remotename)%00%(upstream:remoteref) refs/heads/one_branch refs/remotes/one_branch [0ms]
2023-09-14 04:59:01.204 [info] > git status -z -uall [15ms]
2023-09-14 04:59:30.189 [info] > git config --get commit.template [2ms]
2023-09-14 04:59:30.197 [info] > git for-each-ref --format=%(refname)%00%(upstream:short)%00%(objectname)%00%(upstream:track)%00%(upstream:remotename)%00%(upstream:remoteref) refs/heads/one_branch refs/remotes/one_branch [1ms]
2023-09-14 04:59:30.226 [info] > git status -z -uall [21ms]
2023-09-14 04:59:49.198 [info] > git config --get commit.template [2ms]
2023-09-14 04:59:49.202 [info] > git for-each-ref --format=%(refname)%00%(upstream:short)%00%(objectname)%00%(upstream:track)%00%(upstream:remotename)%00%(upstream:remoteref) refs/heads/one_branch refs/remotes/one_branch [0ms]
2023-09-14 04:59:49.219 [info] > git status -z -uall [13ms]
2023-09-14 05:00:28.207 [info] > git config --get commit.template [1ms]
2023-09-14 05:00:28.212 [info] > git for-each-ref --format=%(refname)%00%(upstream:short)%00%(objectname)%00%(upstream:track)%00%(upstream:remotename)%00%(upstream:remoteref) refs/heads/one_branch refs/remotes/one_branch [0ms]
2023-09-14 05:00:28.227 [info] > git status -z -uall [13ms]
2023-09-14 05:00:38.215 [info] > git config --get commit.template [1ms]
2023-09-14 05:00:38.219 [info] > git for-each-ref --format=%(refname)%00%(upstream:short)%00%(objectname)%00%(upstream:track)%00%(upstream:remotename)%00%(upstream:remoteref) refs/heads/one_branch refs/remotes/one_branch [0ms]
2023-09-14 05:00:38.236 [info] > git status -z -uall [13ms]
2023-09-14 05:00:57.218 [info] > git config --get commit.template [1ms]
2023-09-14 05:00:57.224 [info] > git for-each-ref --format=%(refname)%00%(upstream:short)%00%(objectname)%00%(upstream:track)%00%(upstream:remotename)%00%(upstream:remoteref) refs/heads/one_branch refs/remotes/one_branch [1ms]
2023-09-14 05:00:57.239 [info] > git status -z -uall [12ms]
2023-09-14 05:01:34.236 [info] > git config --get commit.template [1ms]
2023-09-14 05:01:34.241 [info] > git for-each-ref --format=%(refname)%00%(upstream:short)%00%(objectname)%00%(upstream:track)%00%(upstream:remotename)%00%(upstream:remoteref) refs/heads/one_branch refs/remotes/one_branch [1ms]
2023-09-14 05:01:34.257 [info] > git status -z -uall [13ms]
2023-09-14 05:01:55.242 [info] > git config --get commit.template [2ms]
2023-09-14 05:01:55.246 [info] > git for-each-ref --format=%(refname)%00%(upstream:short)%00%(objectname)%00%(upstream:track)%00%(upstream:remotename)%00%(upstream:remoteref) refs/heads/one_branch refs/remotes/one_branch [0ms]
2023-09-14 05:01:55.262 [info] > git status -z -uall [13ms]
2023-09-14 05:02:21.230 [info] > git config --get commit.template [1ms]
2023-09-14 05:02:21.234 [info] > git for-each-ref --format=%(refname)%00%(upstream:short)%00%(objectname)%00%(upstream:track)%00%(upstream:remotename)%00%(upstream:remoteref) refs/heads/one_branch refs/remotes/one_branch [1ms]
2023-09-14 05:02:21.254 [info] > git status -z -uall [14ms]
2023-09-14 05:02:32.232 [info] > git config --get commit.template [0ms]
2023-09-14 05:02:32.239 [info] > git for-each-ref --format=%(refname)%00%(upstream:short)%00%(objectname)%00%(upstream:track)%00%(upstream:remotename)%00%(upstream:remoteref) refs/heads/one_branch refs/remotes/one_branch [0ms]
2023-09-14 05:02:32.256 [info] > git status -z -uall [13ms]
2023-09-14 05:02:56.259 [info] > git config --get commit.template [1ms]
2023-09-14 05:02:56.264 [info] > git for-each-ref --format=%(refname)%00%(upstream:short)%00%(objectname)%00%(upstream:track)%00%(upstream:remotename)%00%(upstream:remoteref) refs/heads/one_branch refs/remotes/one_branch [1ms]
2023-09-14 05:02:56.281 [info] > git status -z -uall [13ms]
2023-09-14 05:03:14.264 [info] > git config --get commit.template [0ms]
2023-09-14 05:03:14.269 [info] > git for-each-ref --format=%(refname)%00%(upstream:short)%00%(objectname)%00%(upstream:track)%00%(upstream:remotename)%00%(upstream:remoteref) refs/heads/one_branch refs/remotes/one_branch [1ms]
2023-09-14 05:03:14.284 [info] > git status -z -uall [12ms]
2023-09-14 05:03:55.285 [info] > git config --get commit.template [1ms]
2023-09-14 05:03:55.290 [info] > git for-each-ref --format=%(refname)%00%(upstream:short)%00%(objectname)%00%(upstream:track)%00%(upstream:remotename)%00%(upstream:remoteref) refs/heads/one_branch refs/remotes/one_branch [1ms]
2023-09-14 05:03:55.307 [info] > git status -z -uall [13ms]
2023-09-14 05:04:00.386 [info] > git config --get commit.template [1ms]
2023-09-14 05:04:00.390 [info] > git for-each-ref --format=%(refname)%00%(upstream:short)%00%(objectname)%00%(upstream:track)%00%(upstream:remotename)%00%(upstream:remoteref) refs/heads/one_branch refs/remotes/one_branch [1ms]
2023-09-14 05:04:00.406 [info] > git status -z -uall [12ms]
2023-09-14 05:04:05.477 [info] > git config --get commit.template [0ms]
2023-09-14 05:04:05.482 [info] > git for-each-ref --format=%(refname)%00%(upstream:short)%00%(objectname)%00%(upstream:track)%00%(upstream:remotename)%00%(upstream:remoteref) refs/heads/one_branch refs/remotes/one_branch [1ms]
2023-09-14 05:04:05.496 [info] > git status -z -uall [11ms]
2023-09-14 05:04:13.291 [info] > git config --get commit.template [1ms]
2023-09-14 05:04:13.298 [info] > git for-each-ref --format=%(refname)%00%(upstream:short)%00%(objectname)%00%(upstream:track)%00%(upstream:remotename)%00%(upstream:remoteref) refs/heads/one_branch refs/remotes/one_branch [1ms]
2023-09-14 05:04:13.312 [info] > git status -z -uall [11ms]
2023-09-14 05:04:20.292 [info] > git config --get commit.template [1ms]
2023-09-14 05:04:20.298 [info] > git for-each-ref --format=%(refname)%00%(upstream:short)%00%(objectname)%00%(upstream:track)%00%(upstream:remotename)%00%(upstream:remoteref) refs/heads/one_branch refs/remotes/one_branch [0ms]
2023-09-14 05:04:20.314 [info] > git status -z -uall [12ms]
2023-09-14 05:04:25.379 [info] > git config --get commit.template [1ms]
2023-09-14 05:04:25.384 [info] > git for-each-ref --format=%(refname)%00%(upstream:short)%00%(objectname)%00%(upstream:track)%00%(upstream:remotename)%00%(upstream:remoteref) refs/heads/one_branch refs/remotes/one_branch [1ms]
2023-09-14 05:04:25.399 [info] > git status -z -uall [12ms]
2023-09-14 05:04:30.469 [info] > git config --get commit.template [1ms]
2023-09-14 05:04:30.474 [info] > git for-each-ref --format=%(refname)%00%(upstream:short)%00%(objectname)%00%(upstream:track)%00%(upstream:remotename)%00%(upstream:remoteref) refs/heads/one_branch refs/remotes/one_branch [0ms]
2023-09-14 05:04:30.488 [info] > git status -z -uall [11ms]
2023-09-14 05:04:48.307 [info] > git config --get commit.template [1ms]
2023-09-14 05:04:48.312 [info] > git for-each-ref --format=%(refname)%00%(upstream:short)%00%(objectname)%00%(upstream:track)%00%(upstream:remotename)%00%(upstream:remoteref) refs/heads/one_branch refs/remotes/one_branch [1ms]
2023-09-14 05:04:48.333 [info] > git status -z -uall [16ms]
2023-09-14 05:04:53.408 [info] > git config --get commit.template [1ms]
2023-09-14 05:04:53.414 [info] > git for-each-ref --format=%(refname)%00%(upstream:short)%00%(objectname)%00%(upstream:track)%00%(upstream:remotename)%00%(upstream:remoteref) refs/heads/one_branch refs/remotes/one_branch [1ms]
2023-09-14 05:04:53.429 [info] > git status -z -uall [12ms]
2023-09-14 05:05:00.308 [info] > git config --get commit.template [1ms]
2023-09-14 05:05:00.315 [info] > git for-each-ref --format=%(refname)%00%(upstream:short)%00%(objectname)%00%(upstream:track)%00%(upstream:remotename)%00%(upstream:remoteref) refs/heads/one_branch refs/remotes/one_branch [1ms]
2023-09-14 05:05:00.332 [info] > git status -z -uall [13ms]
2023-09-14 05:05:05.408 [info] > git config --get commit.template [5ms]
2023-09-14 05:05:05.408 [info] > git for-each-ref --format=%(refname)%00%(upstream:short)%00%(objectname)%00%(upstream:track)%00%(upstream:remotename)%00%(upstream:remoteref) refs/heads/one_branch refs/remotes/one_branch [1ms]
2023-09-14 05:05:05.424 [info] > git status -z -uall [11ms]
2023-09-14 05:05:10.491 [info] > git config --get commit.template [0ms]
2023-09-14 05:05:10.496 [info] > git for-each-ref --format=%(refname)%00%(upstream:short)%00%(objectname)%00%(upstream:track)%00%(upstream:remotename)%00%(upstream:remoteref) refs/heads/one_branch refs/remotes/one_branch [1ms]
2023-09-14 05:05:10.512 [info] > git status -z -uall [13ms]
2023-09-14 05:05:18.316 [info] > git config --get commit.template [1ms]
2023-09-14 05:05:18.322 [info] > git for-each-ref --format=%(refname)%00%(upstream:short)%00%(objectname)%00%(upstream:track)%00%(upstream:remotename)%00%(upstream:remoteref) refs/heads/one_branch refs/remotes/one_branch [1ms]
2023-09-14 05:05:18.338 [info] > git status -z -uall [12ms]
2023-09-14 05:05:32.322 [info] > git config --get commit.template [1ms]
2023-09-14 05:05:32.332 [info] > git for-each-ref --format=%(refname)%00%(upstream:short)%00%(objectname)%00%(upstream:track)%00%(upstream:remotename)%00%(upstream:remoteref) refs/heads/one_branch refs/remotes/one_branch [7ms]
2023-09-14 05:05:32.359 [info] > git status -z -uall [19ms]
2023-09-14 05:05:44.328 [info] > git config --get commit.template [1ms]
2023-09-14 05:05:44.332 [info] > git for-each-ref --format=%(refname)%00%(upstream:short)%00%(objectname)%00%(upstream:track)%00%(upstream:remotename)%00%(upstream:remoteref) refs/heads/one_branch refs/remotes/one_branch [0ms]
2023-09-14 05:05:44.350 [info] > git status -z -uall [12ms]
2023-09-14 05:05:49.419 [info] > git config --get commit.template [1ms]
2023-09-14 05:05:49.431 [info] > git for-each-ref --format=%(refname)%00%(upstream:short)%00%(objectname)%00%(upstream:track)%00%(upstream:remotename)%00%(upstream:remoteref) refs/heads/one_branch refs/remotes/one_branch [6ms]
2023-09-14 05:05:49.451 [info] > git status -z -uall [15ms]
2023-09-14 05:05:54.526 [info] > git config --get commit.template [4ms]
2023-09-14 05:05:54.527 [info] > git for-each-ref --format=%(refname)%00%(upstream:short)%00%(objectname)%00%(upstream:track)%00%(upstream:remotename)%00%(upstream:remoteref) refs/heads/one_branch refs/remotes/one_branch [1ms]
2023-09-14 05:05:54.547 [info] > git status -z -uall [17ms]
2023-09-14 05:06:03.337 [info] > git config --get commit.template [4ms]
2023-09-14 05:06:03.337 [info] > git for-each-ref --format=%(refname)%00%(upstream:short)%00%(objectname)%00%(upstream:track)%00%(upstream:remotename)%00%(upstream:remoteref) refs/heads/one_branch refs/remotes/one_branch [0ms]
2023-09-14 05:06:03.354 [info] > git status -z -uall [13ms]
2023-09-14 05:06:08.428 [info] > git config --get commit.template [5ms]
2023-09-14 05:06:08.428 [info] > git for-each-ref --format=%(refname)%00%(upstream:short)%00%(objectname)%00%(upstream:track)%00%(upstream:remotename)%00%(upstream:remoteref) refs/heads/one_branch refs/remotes/one_branch [1ms]
2023-09-14 05:06:08.444 [info] > git status -z -uall [12ms]
2023-09-14 05:06:13.505 [info] > git config --get commit.template [0ms]
2023-09-14 05:06:13.510 [info] > git for-each-ref --format=%(refname)%00%(upstream:short)%00%(objectname)%00%(upstream:track)%00%(upstream:remotename)%00%(upstream:remoteref) refs/heads/one_branch refs/remotes/one_branch [1ms]
2023-09-14 05:06:13.525 [info] > git status -z -uall [12ms]
2023-09-14 05:06:18.593 [info] > git config --get commit.template [1ms]
2023-09-14 05:06:18.598 [info] > git for-each-ref --format=%(refname)%00%(upstream:short)%00%(objectname)%00%(upstream:track)%00%(upstream:remotename)%00%(upstream:remoteref) refs/heads/one_branch refs/remotes/one_branch [1ms]
2023-09-14 05:06:18.614 [info] > git status -z -uall [12ms]
2023-09-14 05:07:54.351 [info] > git config --get commit.template [1ms]
2023-09-14 05:07:54.357 [info] > git for-each-ref --format=%(refname)%00%(upstream:short)%00%(objectname)%00%(upstream:track)%00%(upstream:remotename)%00%(upstream:remoteref) refs/heads/one_branch refs/remotes/one_branch [1ms]
2023-09-14 05:07:54.374 [info] > git status -z -uall [14ms]
2023-09-14 05:08:01.372 [info] > git config --get commit.template [0ms]
2023-09-14 05:08:01.377 [info] > git for-each-ref --format=%(refname)%00%(upstream:short)%00%(objectname)%00%(upstream:track)%00%(upstream:remotename)%00%(upstream:remoteref) refs/heads/one_branch refs/remotes/one_branch [1ms]
2023-09-14 05:08:01.394 [info] > git status -z -uall [13ms]
2023-09-14 05:08:58.385 [info] > git config --get commit.template [0ms]
2023-09-14 05:08:58.390 [info] > git for-each-ref --format=%(refname)%00%(upstream:short)%00%(objectname)%00%(upstream:track)%00%(upstream:remotename)%00%(upstream:remoteref) refs/heads/one_branch refs/remotes/one_branch [1ms]
2023-09-14 05:08:58.405 [info] > git status -z -uall [12ms]
2023-09-14 05:09:16.395 [info] > git config --get commit.template [1ms]
2023-09-14 05:09:16.399 [info] > git for-each-ref --format=%(refname)%00%(upstream:short)%00%(objectname)%00%(upstream:track)%00%(upstream:remotename)%00%(upstream:remoteref) refs/heads/one_branch refs/remotes/one_branch [1ms]
2023-09-14 05:09:16.415 [info] > git status -z -uall [13ms]
2023-09-14 05:09:21.500 [info] > git config --get commit.template [6ms]
2023-09-14 05:09:21.501 [info] > git for-each-ref --format=%(refname)%00%(upstream:short)%00%(objectname)%00%(upstream:track)%00%(upstream:remotename)%00%(upstream:remoteref) refs/heads/one_branch refs/remotes/one_branch [1ms]
2023-09-14 05:09:21.524 [info] > git status -z -uall [18ms]
2023-09-14 05:09:37.405 [info] > git config --get commit.template [1ms]
2023-09-14 05:09:37.410 [info] > git for-each-ref --format=%(refname)%00%(upstream:short)%00%(objectname)%00%(upstream:track)%00%(upstream:remotename)%00%(upstream:remoteref) refs/heads/one_branch refs/remotes/one_branch [1ms]
2023-09-14 05:09:37.426 [info] > git status -z -uall [12ms]
2023-09-14 05:09:42.505 [info] > git config --get commit.template [2ms]
2023-09-14 05:09:42.510 [info] > git for-each-ref --format=%(refname)%00%(upstream:short)%00%(objectname)%00%(upstream:track)%00%(upstream:remotename)%00%(upstream:remoteref) refs/heads/one_branch refs/remotes/one_branch [1ms]
2023-09-14 05:09:42.526 [info] > git status -z -uall [12ms]
2023-09-14 05:09:50.412 [info] > git config --get commit.template [1ms]
2023-09-14 05:09:50.416 [info] > git for-each-ref --format=%(refname)%00%(upstream:short)%00%(objectname)%00%(upstream:track)%00%(upstream:remotename)%00%(upstream:remoteref) refs/heads/one_branch refs/remotes/one_branch [0ms]
2023-09-14 05:09:50.436 [info] > git status -z -uall [12ms]
2023-09-14 05:10:00.415 [info] > git config --get commit.template [1ms]
2023-09-14 05:10:00.420 [info] > git for-each-ref --format=%(refname)%00%(upstream:short)%00%(objectname)%00%(upstream:track)%00%(upstream:remotename)%00%(upstream:remoteref) refs/heads/one_branch refs/remotes/one_branch [0ms]
2023-09-14 05:10:00.440 [info] > git status -z -uall [16ms]
2023-09-14 05:10:05.513 [info] > git config --get commit.template [5ms]
2023-09-14 05:10:05.513 [info] > git for-each-ref --format=%(refname)%00%(upstream:short)%00%(objectname)%00%(upstream:track)%00%(upstream:remotename)%00%(upstream:remoteref) refs/heads/one_branch refs/remotes/one_branch [1ms]
2023-09-14 05:10:05.528 [info] > git status -z -uall [11ms]
2023-09-14 05:10:10.602 [info] > git config --get commit.template [0ms]
2023-09-14 05:10:10.607 [info] > git for-each-ref --format=%(refname)%00%(upstream:short)%00%(objectname)%00%(upstream:track)%00%(upstream:remotename)%00%(upstream:remoteref) refs/heads/one_branch refs/remotes/one_branch [1ms]
2023-09-14 05:10:10.624 [info] > git status -z -uall [13ms]
2023-09-14 05:10:16.423 [info] > git config --get commit.template [1ms]
2023-09-14 05:10:16.428 [info] > git for-each-ref --format=%(refname)%00%(upstream:short)%00%(objectname)%00%(upstream:track)%00%(upstream:remotename)%00%(upstream:remoteref) refs/heads/one_branch refs/remotes/one_branch [1ms]
2023-09-14 05:10:16.445 [info] > git status -z -uall [11ms]
2023-09-14 05:10:21.521 [info] > git config --get commit.template [4ms]
2023-09-14 05:10:21.521 [info] > git for-each-ref --format=%(refname)%00%(upstream:short)%00%(objectname)%00%(upstream:track)%00%(upstream:remotename)%00%(upstream:remoteref) refs/heads/one_branch refs/remotes/one_branch [0ms]
2023-09-14 05:10:21.537 [info] > git status -z -uall [12ms]
2023-09-14 05:10:23.125 [info] > git show --textconv :<!DOCTYPE html>.html [6ms]
2023-09-14 05:10:23.125 [info] > git ls-files --stage -- /home/olawale/<!DOCTYPE html>.html [1ms]
2023-09-14 05:10:23.244 [info] > git check-ignore -v -z --stdin [2ms]
2023-09-14 05:10:26.599 [info] > git config --get commit.template [0ms]
2023-09-14 05:10:26.604 [info] > git for-each-ref --format=%(refname)%00%(upstream:short)%00%(objectname)%00%(upstream:track)%00%(upstream:remotename)%00%(upstream:remoteref) refs/heads/one_branch refs/remotes/one_branch [1ms]
2023-09-14 05:10:26.621 [info] > git status -z -uall [12ms]
2023-09-14 05:10:31.691 [info] > git config --get commit.template [1ms]
2023-09-14 05:10:31.696 [info] > git for-each-ref --format=%(refname)%00%(upstream:short)%00%(objectname)%00%(upstream:track)%00%(upstream:remotename)%00%(upstream:remoteref) refs/heads/one_branch refs/remotes/one_branch [1ms]
2023-09-14 05:10:31.711 [info] > git status -z -uall [12ms]
2023-09-14 05:10:36.783 [info] > git config --get commit.template [5ms]
2023-09-14 05:10:36.783 [info] > git for-each-ref --format=%(refname)%00%(upstream:short)%00%(objectname)%00%(upstream:track)%00%(upstream:remotename)%00%(upstream:remoteref) refs/heads/one_branch refs/remotes/one_branch [0ms]
2023-09-14 05:10:36.800 [info] > git status -z -uall [12ms]
2023-09-14 05:10:41.870 [info] > git config --get commit.template [1ms]
2023-09-14 05:10:41.875 [info] > git for-each-ref --format=%(refname)%00%(upstream:short)%00%(objectname)%00%(upstream:track)%00%(upstream:remotename)%00%(upstream:remoteref) refs/heads/one_branch refs/remotes/one_branch [0ms]
2023-09-14 05:10:41.891 [info] > git status -z -uall [11ms]
2023-09-14 05:10:46.961 [info] > git config --get commit.template [1ms]
2023-09-14 05:10:46.966 [info] > git for-each-ref --format=%(refname)%00%(upstream:short)%00%(objectname)%00%(upstream:track)%00%(upstream:remotename)%00%(upstream:remoteref) refs/heads/one_branch refs/remotes/one_branch [0ms]
2023-09-14 05:10:46.984 [info] > git status -z -uall [14ms]
2023-09-14 05:10:52.052 [info] > git config --get commit.template [1ms]
2023-09-14 05:10:52.058 [info] > git for-each-ref --format=%(refname)%00%(upstream:short)%00%(objectname)%00%(upstream:track)%00%(upstream:remotename)%00%(upstream:remoteref) refs/heads/one_branch refs/remotes/one_branch [1ms]
2023-09-14 05:10:52.079 [info] > git status -z -uall [15ms]
2023-09-14 05:10:57.153 [info] > git config --get commit.template [1ms]
2023-09-14 05:10:57.158 [info] > git for-each-ref --format=%(refname)%00%(upstream:short)%00%(objectname)%00%(upstream:track)%00%(upstream:remotename)%00%(upstream:remoteref) refs/heads/one_branch refs/remotes/one_branch [1ms]
2023-09-14 05:10:57.173 [info] > git status -z -uall [10ms]
2023-09-14 05:11:05.581 [info] > git config --get commit.template [1ms]
2023-09-14 05:11:05.586 [info] > git for-each-ref --format=%(refname)%00%(upstream:short)%00%(objectname)%00%(upstream:track)%00%(upstream:remotename)%00%(upstream:remoteref) refs/heads/one_branch refs/remotes/one_branch [1ms]
2023-09-14 05:11:05.601 [info] > git status -z -uall [11ms]
2023-09-14 05:11:10.671 [info] > git config --get commit.template [5ms]
2023-09-14 05:11:10.671 [info] > git for-each-ref --format=%(refname)%00%(upstream:short)%00%(objectname)%00%(upstream:track)%00%(upstream:remotename)%00%(upstream:remoteref) refs/heads/one_branch refs/remotes/one_branch [1ms]
2023-09-14 05:11:10.689 [info] > git status -z -uall [13ms]
2023-09-14 05:11:15.774 [info] > git config --get commit.template [4ms]
2023-09-14 05:11:15.775 [info] > git for-each-ref --format=%(refname)%00%(upstream:short)%00%(objectname)%00%(upstream:track)%00%(upstream:remotename)%00%(upstream:remoteref) refs/heads/one_branch refs/remotes/one_branch [1ms]
2023-09-14 05:11:15.793 [info] > git status -z -uall [13ms]
2023-09-14 05:11:20.869 [info] > git config --get commit.template [1ms]
2023-09-14 05:11:20.878 [info] > git for-each-ref --format=%(refname)%00%(upstream:short)%00%(objectname)%00%(upstream:track)%00%(upstream:remotename)%00%(upstream:remoteref) refs/heads/one_branch refs/remotes/one_branch [1ms]
2023-09-14 05:11:20.899 [info] > git status -z -uall [15ms]
2023-09-14 05:11:28.586 [info] > git config --get commit.template [1ms]
2023-09-14 05:11:28.591 [info] > git for-each-ref --format=%(refname)%00%(upstream:short)%00%(objectname)%00%(upstream:track)%00%(upstream:remotename)%00%(upstream:remoteref) refs/heads/one_branch refs/remotes/one_branch [0ms]
2023-09-14 05:11:28.610 [info] > git status -z -uall [14ms]
2023-09-14 05:11:33.675 [info] > git config --get commit.template [0ms]
2023-09-14 05:11:33.679 [info] > git for-each-ref --format=%(refname)%00%(upstream:short)%00%(objectname)%00%(upstream:track)%00%(upstream:remotename)%00%(upstream:remoteref) refs/heads/one_branch refs/remotes/one_branch [0ms]
2023-09-14 05:11:33.697 [info] > git status -z -uall [11ms]
2023-09-14 05:11:40.595 [info] > git config --get commit.template [8ms]
2023-09-14 05:11:40.596 [info] > git for-each-ref --format=%(refname)%00%(upstream:short)%00%(objectname)%00%(upstream:track)%00%(upstream:remotename)%00%(upstream:remoteref) refs/heads/one_branch refs/remotes/one_branch [1ms]
2023-09-14 05:11:40.614 [info] > git status -z -uall [12ms]
2023-09-14 05:11:45.688 [info] > git config --get commit.template [5ms]
2023-09-14 05:11:45.688 [info] > git for-each-ref --format=%(refname)%00%(upstream:short)%00%(objectname)%00%(upstream:track)%00%(upstream:remotename)%00%(upstream:remoteref) refs/heads/one_branch refs/remotes/one_branch [0ms]
2023-09-14 05:11:45.707 [info] > git status -z -uall [12ms]
2023-09-14 05:11:50.779 [info] > git config --get commit.template [6ms]
2023-09-14 05:11:50.779 [info] > git for-each-ref --format=%(refname)%00%(upstream:short)%00%(objectname)%00%(upstream:track)%00%(upstream:remotename)%00%(upstream:remoteref) refs/heads/one_branch refs/remotes/one_branch [1ms]
2023-09-14 05:11:50.796 [info] > git status -z -uall [13ms]
2023-09-14 05:11:55.872 [info] > git config --get commit.template [0ms]
2023-09-14 05:11:55.877 [info] > git for-each-ref --format=%(refname)%00%(upstream:short)%00%(objectname)%00%(upstream:track)%00%(upstream:remotename)%00%(upstream:remoteref) refs/heads/one_branch refs/remotes/one_branch [1ms]
2023-09-14 05:11:55.893 [info] > git status -z -uall [12ms]
2023-09-14 05:12:00.968 [info] > git config --get commit.template [5ms]
2023-09-14 05:12:00.969 [info] > git for-each-ref --format=%(refname)%00%(upstream:short)%00%(objectname)%00%(upstream:track)%00%(upstream:remotename)%00%(upstream:remoteref) refs/heads/one_branch refs/remotes/one_branch [1ms]
2023-09-14 05:12:00.991 [info] > git status -z -uall [16ms]
2023-09-14 05:12:42.623 [info] > git config --get commit.template [6ms]
2023-09-14 05:12:42.623 [info] > git for-each-ref --format=%(refname)%00%(upstream:short)%00%(objectname)%00%(upstream:track)%00%(upstream:remotename)%00%(upstream:remoteref) refs/heads/one_branch refs/remotes/one_branch [2ms]
2023-09-14 05:12:42.643 [info] > git status -z -uall [15ms]
2023-09-14 05:12:47.737 [info] > git config --get commit.template [1ms]
2023-09-14 05:12:47.742 [info] > git for-each-ref --format=%(refname)%00%(upstream:short)%00%(objectname)%00%(upstream:track)%00%(upstream:remotename)%00%(upstream:remoteref) refs/heads/one_branch refs/remotes/one_branch [1ms]
2023-09-14 05:12:47.761 [info] > git status -z -uall [14ms]
2023-09-14 05:12:59.623 [info] > git config --get commit.template [1ms]
2023-09-14 05:12:59.629 [info] > git for-each-ref --format=%(refname)%00%(upstream:short)%00%(objectname)%00%(upstream:track)%00%(upstream:remotename)%00%(upstream:remoteref) refs/heads/one_branch refs/remotes/one_branch [1ms]
2023-09-14 05:12:59.650 [info] > git status -z -uall [15ms]
2023-09-14 05:13:11.628 [info] > git config --get commit.template [1ms]
2023-09-14 05:13:11.635 [info] > git for-each-ref --format=%(refname)%00%(upstream:short)%00%(objectname)%00%(upstream:track)%00%(upstream:remotename)%00%(upstream:remoteref) refs/heads/one_branch refs/remotes/one_branch [1ms]
2023-09-14 05:13:11.652 [info] > git status -z -uall [12ms]
2023-09-14 05:13:32.615 [info] > git config --get commit.template [6ms]
2023-09-14 05:13:32.616 [info] > git for-each-ref --format=%(refname)%00%(upstream:short)%00%(objectname)%00%(upstream:track)%00%(upstream:remotename)%00%(upstream:remoteref) refs/heads/one_branch refs/remotes/one_branch [1ms]
2023-09-14 05:13:32.634 [info] > git status -z -uall [15ms]
2023-09-14 05:13:37.715 [info] > git config --get commit.template [1ms]
2023-09-14 05:13:37.721 [info] > git for-each-ref --format=%(refname)%00%(upstream:short)%00%(objectname)%00%(upstream:track)%00%(upstream:remotename)%00%(upstream:remoteref) refs/heads/one_branch refs/remotes/one_branch [1ms]
2023-09-14 05:13:37.737 [info] > git status -z -uall [13ms]
2023-09-14 05:13:48.640 [info] > git config --get commit.template [1ms]
2023-09-14 05:13:48.646 [info] > git for-each-ref --format=%(refname)%00%(upstream:short)%00%(objectname)%00%(upstream:track)%00%(upstream:remotename)%00%(upstream:remoteref) refs/heads/one_branch refs/remotes/one_branch [1ms]
2023-09-14 05:13:48.663 [info] > git status -z -uall [13ms]
2023-09-14 05:13:53.721 [info] > git config --get commit.template [1ms]
2023-09-14 05:13:53.728 [info] > git for-each-ref --format=%(refname)%00%(upstream:short)%00%(objectname)%00%(upstream:track)%00%(upstream:remotename)%00%(upstream:remoteref) refs/heads/one_branch refs/remotes/one_branch [0ms]
2023-09-14 05:13:53.742 [info] > git status -z -uall [11ms]
2023-09-14 05:13:59.649 [info] > git config --get commit.template [0ms]
2023-09-14 05:13:59.654 [info] > git for-each-ref --format=%(refname)%00%(upstream:short)%00%(objectname)%00%(upstream:track)%00%(upstream:remotename)%00%(upstream:remoteref) refs/heads/one_branch refs/remotes/one_branch [0ms]
2023-09-14 05:13:59.671 [info] > git status -z -uall [12ms]
2023-09-14 05:14:04.731 [info] > git config --get commit.template [0ms]
2023-09-14 05:14:04.736 [info] > git for-each-ref --format=%(refname)%00%(upstream:short)%00%(objectname)%00%(upstream:track)%00%(upstream:remotename)%00%(upstream:remoteref) refs/heads/one_branch refs/remotes/one_branch [1ms]
2023-09-14 05:14:04.751 [info] > git status -z -uall [11ms]
2023-09-14 05:14:09.819 [info] > git config --get commit.template [1ms]
2023-09-14 05:14:09.826 [info] > git for-each-ref --format=%(refname)%00%(upstream:short)%00%(objectname)%00%(upstream:track)%00%(upstream:remotename)%00%(upstream:remoteref) refs/heads/one_branch refs/remotes/one_branch [1ms]
2023-09-14 05:14:09.842 [info] > git status -z -uall [12ms]
2023-09-14 05:14:14.915 [info] > git config --get commit.template [5ms]
2023-09-14 05:14:14.915 [info] > git for-each-ref --format=%(refname)%00%(upstream:short)%00%(objectname)%00%(upstream:track)%00%(upstream:remotename)%00%(upstream:remoteref) refs/heads/one_branch refs/remotes/one_branch [0ms]
2023-09-14 05:14:14.931 [info] > git status -z -uall [11ms]
2023-09-14 05:14:19.998 [info] > git config --get commit.template [5ms]
2023-09-14 05:14:19.999 [info] > git for-each-ref --format=%(refname)%00%(upstream:short)%00%(objectname)%00%(upstream:track)%00%(upstream:remotename)%00%(upstream:remoteref) refs/heads/one_branch refs/remotes/one_branch [1ms]
2023-09-14 05:14:20.019 [info] > git status -z -uall [15ms]
2023-09-14 05:14:25.105 [info] > git config --get commit.template [7ms]
2023-09-14 05:14:25.105 [info] > git for-each-ref --format=%(refname)%00%(upstream:short)%00%(objectname)%00%(upstream:track)%00%(upstream:remotename)%00%(upstream:remoteref) refs/heads/one_branch refs/remotes/one_branch [0ms]
2023-09-14 05:14:25.124 [info] > git status -z -uall [15ms]
2023-09-14 05:14:30.192 [info] > git config --get commit.template [1ms]
2023-09-14 05:14:30.197 [info] > git for-each-ref --format=%(refname)%00%(upstream:short)%00%(objectname)%00%(upstream:track)%00%(upstream:remotename)%00%(upstream:remoteref) refs/heads/one_branch refs/remotes/one_branch [0ms]
2023-09-14 05:14:30.214 [info] > git status -z -uall [11ms]
2023-09-14 05:14:35.291 [info] > git config --get commit.template [5ms]
2023-09-14 05:14:35.291 [info] > git for-each-ref --format=%(refname)%00%(upstream:short)%00%(objectname)%00%(upstream:track)%00%(upstream:remotename)%00%(upstream:remoteref) refs/heads/one_branch refs/remotes/one_branch [1ms]
2023-09-14 05:14:35.307 [info] > git status -z -uall [12ms]
2023-09-14 05:14:40.375 [info] > git config --get commit.template [1ms]
2023-09-14 05:14:40.380 [info] > git for-each-ref --format=%(refname)%00%(upstream:short)%00%(objectname)%00%(upstream:track)%00%(upstream:remotename)%00%(upstream:remoteref) refs/heads/one_branch refs/remotes/one_branch [0ms]
2023-09-14 05:14:40.396 [info] > git status -z -uall [10ms]
2023-09-14 05:14:45.465 [info] > git config --get commit.template [5ms]
2023-09-14 05:14:45.465 [info] > git for-each-ref --format=%(refname)%00%(upstream:short)%00%(objectname)%00%(upstream:track)%00%(upstream:remotename)%00%(upstream:remoteref) refs/heads/one_branch refs/remotes/one_branch [1ms]
2023-09-14 05:14:45.480 [info] > git status -z -uall [11ms]
2023-09-14 05:14:50.549 [info] > git config --get commit.template [4ms]
2023-09-14 05:14:50.550 [info] > git for-each-ref --format=%(refname)%00%(upstream:short)%00%(objectname)%00%(upstream:track)%00%(upstream:remotename)%00%(upstream:remoteref) refs/heads/one_branch refs/remotes/one_branch [1ms]
2023-09-14 05:14:50.566 [info] > git status -z -uall [12ms]
2023-09-14 05:14:55.968 [info] > git config --get commit.template [5ms]
2023-09-14 05:14:55.968 [info] > git for-each-ref --format=%(refname)%00%(upstream:short)%00%(objectname)%00%(upstream:track)%00%(upstream:remotename)%00%(upstream:remoteref) refs/heads/one_branch refs/remotes/one_branch [0ms]
2023-09-14 05:14:55.984 [info] > git status -z -uall [12ms]
2023-09-14 05:15:03.970 [info] > git config --get commit.template [1ms]
2023-09-14 05:15:03.975 [info] > git for-each-ref --format=%(refname)%00%(upstream:short)%00%(objectname)%00%(upstream:track)%00%(upstream:remotename)%00%(upstream:remoteref) refs/heads/one_branch refs/remotes/one_branch [0ms]
2023-09-14 05:15:03.990 [info] > git status -z -uall [12ms]
2023-09-14 05:15:09.061 [info] > git config --get commit.template [4ms]
2023-09-14 05:15:09.061 [info] > git for-each-ref --format=%(refname)%00%(upstream:short)%00%(objectname)%00%(upstream:track)%00%(upstream:remotename)%00%(upstream:remoteref) refs/heads/one_branch refs/remotes/one_branch [1ms]
2023-09-14 05:15:09.077 [info] > git status -z -uall [12ms]
2023-09-14 05:15:14.152 [info] > git config --get commit.template [6ms]
2023-09-14 05:15:14.152 [info] > git for-each-ref --format=%(refname)%00%(upstream:short)%00%(objectname)%00%(upstream:track)%00%(upstream:remotename)%00%(upstream:remoteref) refs/heads/one_branch refs/remotes/one_branch [1ms]
2023-09-14 05:15:14.170 [info] > git status -z -uall [14ms]
2023-09-14 05:15:19.243 [info] > git config --get commit.template [4ms]
2023-09-14 05:15:19.244 [info] > git for-each-ref --format=%(refname)%00%(upstream:short)%00%(objectname)%00%(upstream:track)%00%(upstream:remotename)%00%(upstream:remoteref) refs/heads/one_branch refs/remotes/one_branch [2ms]
2023-09-14 05:15:19.260 [info] > git status -z -uall [13ms]
2023-09-14 05:15:24.335 [info] > git config --get commit.template [6ms]
2023-09-14 05:15:24.336 [info] > git for-each-ref --format=%(refname)%00%(upstream:short)%00%(objectname)%00%(upstream:track)%00%(upstream:remotename)%00%(upstream:remoteref) refs/heads/one_branch refs/remotes/one_branch [1ms]
2023-09-14 05:15:24.352 [info] > git status -z -uall [12ms]
2023-09-14 05:15:29.420 [info] > git config --get commit.template [4ms]
2023-09-14 05:15:29.421 [info] > git for-each-ref --format=%(refname)%00%(upstream:short)%00%(objectname)%00%(upstream:track)%00%(upstream:remotename)%00%(upstream:remoteref) refs/heads/one_branch refs/remotes/one_branch [1ms]
2023-09-14 05:15:29.436 [info] > git status -z -uall [12ms]
2023-09-14 05:15:34.984 [info] > git config --get commit.template [7ms]
2023-09-14 05:15:34.985 [info] > git for-each-ref --format=%(refname)%00%(upstream:short)%00%(objectname)%00%(upstream:track)%00%(upstream:remotename)%00%(upstream:remoteref) refs/heads/one_branch refs/remotes/one_branch [1ms]
2023-09-14 05:15:35.001 [info] > git status -z -uall [12ms]
2023-09-14 05:15:37.095 [info] > git show --textconv :body {.css [5ms]
2023-09-14 05:15:37.097 [info] > git ls-files --stage -- /home/olawale/body {.css [2ms]
2023-09-14 05:15:37.245 [info] > git check-ignore -v -z --stdin [1ms]
2023-09-14 05:15:40.074 [info] > git config --get commit.template [1ms]
2023-09-14 05:15:40.079 [info] > git for-each-ref --format=%(refname)%00%(upstream:short)%00%(objectname)%00%(upstream:track)%00%(upstream:remotename)%00%(upstream:remoteref) refs/heads/one_branch refs/remotes/one_branch [1ms]
2023-09-14 05:15:40.095 [info] > git status -z -uall [11ms]
2023-09-14 05:15:45.167 [info] > git config --get commit.template [5ms]
2023-09-14 05:15:45.168 [info] > git for-each-ref --format=%(refname)%00%(upstream:short)%00%(objectname)%00%(upstream:track)%00%(upstream:remotename)%00%(upstream:remoteref) refs/heads/one_branch refs/remotes/one_branch [1ms]
2023-09-14 05:15:45.184 [info] > git status -z -uall [12ms]
2023-09-14 05:15:50.257 [info] > git config --get commit.template [5ms]
2023-09-14 05:15:50.258 [info] > git for-each-ref --format=%(refname)%00%(upstream:short)%00%(objectname)%00%(upstream:track)%00%(upstream:remotename)%00%(upstream:remoteref) refs/heads/one_branch refs/remotes/one_branch [0ms]
2023-09-14 05:15:50.274 [info] > git status -z -uall [12ms]
2023-09-14 05:15:55.341 [info] > git config --get commit.template [1ms]
2023-09-14 05:15:55.349 [info] > git for-each-ref --format=%(refname)%00%(upstream:short)%00%(objectname)%00%(upstream:track)%00%(upstream:remotename)%00%(upstream:remoteref) refs/heads/one_branch refs/remotes/one_branch [1ms]
2023-09-14 05:15:55.369 [info] > git status -z -uall [14ms]
2023-09-14 05:16:00.447 [info] > git config --get commit.template [1ms]
2023-09-14 05:16:00.451 [info] > git for-each-ref --format=%(refname)%00%(upstream:short)%00%(objectname)%00%(upstream:track)%00%(upstream:remotename)%00%(upstream:remoteref) refs/heads/one_branch refs/remotes/one_branch [0ms]
2023-09-14 05:16:00.466 [info] > git status -z -uall [11ms]
2023-09-14 05:16:05.534 [info] > git config --get commit.template [5ms]
2023-09-14 05:16:05.535 [info] > git for-each-ref --format=%(refname)%00%(upstream:short)%00%(objectname)%00%(upstream:track)%00%(upstream:remotename)%00%(upstream:remoteref) refs/heads/one_branch refs/remotes/one_branch [1ms]
2023-09-14 05:16:05.550 [info] > git status -z -uall [12ms]
2023-09-14 05:16:10.615 [info] > git config --get commit.template [1ms]
2023-09-14 05:16:10.622 [info] > git for-each-ref --format=%(refname)%00%(upstream:short)%00%(objectname)%00%(upstream:track)%00%(upstream:remotename)%00%(upstream:remoteref) refs/heads/one_branch refs/remotes/one_branch [1ms]
2023-09-14 05:16:10.642 [info] > git status -z -uall [16ms]
2023-09-14 05:16:15.722 [info] > git config --get commit.template [9ms]
2023-09-14 05:16:15.723 [info] > git for-each-ref --format=%(refname)%00%(upstream:short)%00%(objectname)%00%(upstream:track)%00%(upstream:remotename)%00%(upstream:remoteref) refs/heads/one_branch refs/remotes/one_branch [1ms]
2023-09-14 05:16:15.739 [info] > git status -z -uall [12ms]
2023-09-14 05:16:20.812 [info] > git config --get commit.template [1ms]
2023-09-14 05:16:20.818 [info] > git for-each-ref --format=%(refname)%00%(upstream:short)%00%(objectname)%00%(upstream:track)%00%(upstream:remotename)%00%(upstream:remoteref) refs/heads/one_branch refs/remotes/one_branch [0ms]
2023-09-14 05:16:20.833 [info] > git status -z -uall [12ms]
2023-09-14 05:16:25.904 [info] > git config --get commit.template [4ms]
2023-09-14 05:16:25.905 [info] > git for-each-ref --format=%(refname)%00%(upstream:short)%00%(objectname)%00%(upstream:track)%00%(upstream:remotename)%00%(upstream:remoteref) refs/heads/one_branch refs/remotes/one_branch [1ms]
2023-09-14 05:16:25.920 [info] > git status -z -uall [12ms]
2023-09-14 05:16:30.991 [info] > git config --get commit.template [5ms]
2023-09-14 05:16:30.991 [info] > git for-each-ref --format=%(refname)%00%(upstream:short)%00%(objectname)%00%(upstream:track)%00%(upstream:remotename)%00%(upstream:remoteref) refs/heads/one_branch refs/remotes/one_branch [1ms]
2023-09-14 05:16:31.006 [info] > git status -z -uall [11ms]
2023-09-14 05:16:36.071 [info] > git config --get commit.template [1ms]
2023-09-14 05:16:36.076 [info] > git for-each-ref --format=%(refname)%00%(upstream:short)%00%(objectname)%00%(upstream:track)%00%(upstream:remotename)%00%(upstream:remoteref) refs/heads/one_branch refs/remotes/one_branch [1ms]
2023-09-14 05:16:36.095 [info] > git status -z -uall [13ms]
2023-09-14 05:16:41.505 [info] > git config --get commit.template [0ms]
2023-09-14 05:16:41.509 [info] > git for-each-ref --format=%(refname)%00%(upstream:short)%00%(objectname)%00%(upstream:track)%00%(upstream:remotename)%00%(upstream:remoteref) refs/heads/one_branch refs/remotes/one_branch [0ms]
2023-09-14 05:16:41.529 [info] > git status -z -uall [16ms]
2023-09-14 05:19:35.424 [info] > git config --get commit.template [2ms]
2023-09-14 05:19:35.431 [info] > git for-each-ref --format=%(refname)%00%(upstream:short)%00%(objectname)%00%(upstream:track)%00%(upstream:remotename)%00%(upstream:remoteref) refs/heads/one_branch refs/remotes/one_branch [1ms]
2023-09-14 05:19:35.542 [info] > git status -z -uall [100ms]
2023-09-14 05:19:40.719 [info] > git config --get commit.template [10ms]
2023-09-14 05:19:40.721 [info] > git for-each-ref --format=%(refname)%00%(upstream:short)%00%(objectname)%00%(upstream:track)%00%(upstream:remotename)%00%(upstream:remoteref) refs/heads/one_branch refs/remotes/one_branch [2ms]
2023-09-14 05:19:40.748 [info] > git status -z -uall [16ms]
2023-09-14 05:19:45.823 [info] > git config --get commit.template [1ms]
2023-09-14 05:19:45.828 [info] > git for-each-ref --format=%(refname)%00%(upstream:short)%00%(objectname)%00%(upstream:track)%00%(upstream:remotename)%00%(upstream:remoteref) refs/heads/one_branch refs/remotes/one_branch [1ms]
2023-09-14 05:19:45.847 [info] > git status -z -uall [15ms]
2023-09-14 05:19:50.921 [info] > git config --get commit.template [8ms]
2023-09-14 05:19:50.922 [info] > git for-each-ref --format=%(refname)%00%(upstream:short)%00%(objectname)%00%(upstream:track)%00%(upstream:remotename)%00%(upstream:remoteref) refs/heads/one_branch refs/remotes/one_branch [1ms]
2023-09-14 05:19:50.944 [info] > git status -z -uall [17ms]
2023-09-14 05:19:56.014 [info] > git config --get commit.template [1ms]
2023-09-14 05:19:56.020 [info] > git for-each-ref --format=%(refname)%00%(upstream:short)%00%(objectname)%00%(upstream:track)%00%(upstream:remotename)%00%(upstream:remoteref) refs/heads/one_branch refs/remotes/one_branch [1ms]
2023-09-14 05:19:56.038 [info] > git status -z -uall [14ms]
2023-09-14 05:20:01.108 [info] > git config --get commit.template [1ms]
2023-09-14 05:20:01.113 [info] > git for-each-ref --format=%(refname)%00%(upstream:short)%00%(objectname)%00%(upstream:track)%00%(upstream:remotename)%00%(upstream:remoteref) refs/heads/one_branch refs/remotes/one_branch [1ms]
2023-09-14 05:20:01.129 [info] > git status -z -uall [13ms]
2023-09-14 05:20:06.195 [info] > git config --get commit.template [0ms]
2023-09-14 05:20:06.200 [info] > git for-each-ref --format=%(refname)%00%(upstream:short)%00%(objectname)%00%(upstream:track)%00%(upstream:remotename)%00%(upstream:remoteref) refs/heads/one_branch refs/remotes/one_branch [0ms]
2023-09-14 05:20:06.222 [info] > git status -z -uall [17ms]
2023-09-14 05:20:11.294 [info] > git config --get commit.template [1ms]
2023-09-14 05:20:11.299 [info] > git for-each-ref --format=%(refname)%00%(upstream:short)%00%(objectname)%00%(upstream:track)%00%(upstream:remotename)%00%(upstream:remoteref) refs/heads/one_branch refs/remotes/one_branch [1ms]
2023-09-14 05:20:11.320 [info] > git status -z -uall [16ms]
2023-09-14 05:20:16.388 [info] > git config --get commit.template [1ms]
2023-09-14 05:20:16.393 [info] > git for-each-ref --format=%(refname)%00%(upstream:short)%00%(objectname)%00%(upstream:track)%00%(upstream:remotename)%00%(upstream:remoteref) refs/heads/one_branch refs/remotes/one_branch [1ms]
2023-09-14 05:20:16.410 [info] > git status -z -uall [13ms]
2023-09-14 05:20:21.490 [info] > git config --get commit.template [6ms]
2023-09-14 05:20:21.491 [info] > git for-each-ref --format=%(refname)%00%(upstream:short)%00%(objectname)%00%(upstream:track)%00%(upstream:remotename)%00%(upstream:remoteref) refs/heads/one_branch refs/remotes/one_branch [1ms]
2023-09-14 05:20:21.511 [info] > git status -z -uall [13ms]
2023-09-14 05:20:26.588 [info] > git config --get commit.template [7ms]
2023-09-14 05:20:26.588 [info] > git for-each-ref --format=%(refname)%00%(upstream:short)%00%(objectname)%00%(upstream:track)%00%(upstream:remotename)%00%(upstream:remoteref) refs/heads/one_branch refs/remotes/one_branch [1ms]
2023-09-14 05:20:26.603 [info] > git status -z -uall [11ms]
2023-09-14 05:20:32.004 [info] > git config --get commit.template [6ms]
2023-09-14 05:20:32.005 [info] > git for-each-ref --format=%(refname)%00%(upstream:short)%00%(objectname)%00%(upstream:track)%00%(upstream:remotename)%00%(upstream:remoteref) refs/heads/one_branch refs/remotes/one_branch [1ms]
2023-09-14 05:20:32.025 [info] > git status -z -uall [15ms]
2023-09-14 05:20:37.092 [info] > git config --get commit.template [1ms]
2023-09-14 05:20:37.101 [info] > git for-each-ref --format=%(refname)%00%(upstream:short)%00%(objectname)%00%(upstream:track)%00%(upstream:remotename)%00%(upstream:remoteref) refs/heads/one_branch refs/remotes/one_branch [5ms]
2023-09-14 05:20:37.134 [info] > git status -z -uall [17ms]
2023-09-14 05:22:27.051 [info] > git config --get commit.template [2ms]
2023-09-14 05:22:27.059 [info] > git for-each-ref --format=%(refname)%00%(upstream:short)%00%(objectname)%00%(upstream:track)%00%(upstream:remotename)%00%(upstream:remoteref) refs/heads/one_branch refs/remotes/one_branch [2ms]
2023-09-14 05:22:27.084 [info] > git status -z -uall [19ms]
2023-09-14 05:22:32.167 [info] > git config --get commit.template [1ms]
2023-09-14 05:22:32.171 [info] > git for-each-ref --format=%(refname)%00%(upstream:short)%00%(objectname)%00%(upstream:track)%00%(upstream:remotename)%00%(upstream:remoteref) refs/heads/one_branch refs/remotes/one_branch [0ms]
2023-09-14 05:22:32.191 [info] > git status -z -uall [16ms]
2023-09-14 05:22:37.266 [info] > git config --get commit.template [7ms]
2023-09-14 05:22:37.266 [info] > git for-each-ref --format=%(refname)%00%(upstream:short)%00%(objectname)%00%(upstream:track)%00%(upstream:remotename)%00%(upstream:remoteref) refs/heads/one_branch refs/remotes/one_branch [0ms]
2023-09-14 05:22:37.282 [info] > git status -z -uall [12ms]
2023-09-14 05:22:43.059 [info] > git config --get commit.template [1ms]
2023-09-14 05:22:43.065 [info] > git for-each-ref --format=%(refname)%00%(upstream:short)%00%(objectname)%00%(upstream:track)%00%(upstream:remotename)%00%(upstream:remoteref) refs/heads/one_branch refs/remotes/one_branch [0ms]
2023-09-14 05:22:43.083 [info] > git status -z -uall [11ms]
2023-09-14 05:22:48.158 [info] > git config --get commit.template [5ms]
2023-09-14 05:22:48.158 [info] > git for-each-ref --format=%(refname)%00%(upstream:short)%00%(objectname)%00%(upstream:track)%00%(upstream:remotename)%00%(upstream:remoteref) refs/heads/one_branch refs/remotes/one_branch [1ms]
2023-09-14 05:22:48.176 [info] > git status -z -uall [11ms]
2023-09-14 05:23:03.535 [info] > git config --get commit.template [2ms]
2023-09-14 05:23:03.555 [info] > git for-each-ref --format=%(refname)%00%(upstream:short)%00%(objectname)%00%(upstream:track)%00%(upstream:remotename)%00%(upstream:remoteref) refs/heads/one_branch refs/remotes/one_branch [3ms]
2023-09-14 05:23:03.580 [info] > git status -z -uall [16ms]
2023-09-14 05:23:08.667 [info] > git config --get commit.template [0ms]
2023-09-14 05:23:08.672 [info] > git for-each-ref --format=%(refname)%00%(upstream:short)%00%(objectname)%00%(upstream:track)%00%(upstream:remotename)%00%(upstream:remoteref) refs/heads/one_branch refs/remotes/one_branch [1ms]
2023-09-14 05:23:08.687 [info] > git status -z -uall [11ms]
2023-09-14 05:26:53.278 [info] > git check-ignore -v -z --stdin [2ms]
2023-09-14 06:24:27.220 [info] > git config --get commit.template [27ms]
2023-09-14 06:24:27.238 [info] > git for-each-ref --format=%(refname)%00%(upstream:short)%00%(objectname)%00%(upstream:track)%00%(upstream:remotename)%00%(upstream:remoteref) refs/heads/one_branch refs/remotes/one_branch [5ms]
2023-09-14 06:24:27.426 [info] > git status -z -uall [163ms]
2023-09-14 06:24:32.780 [info] > git config --get commit.template [0ms]
2023-09-14 06:24:32.784 [info] > git for-each-ref --format=%(refname)%00%(upstream:short)%00%(objectname)%00%(upstream:track)%00%(upstream:remotename)%00%(upstream:remoteref) refs/heads/one_branch refs/remotes/one_branch [0ms]
2023-09-14 06:24:32.823 [info] > git status -z -uall [24ms]
2023-09-14 06:24:37.898 [info] > git config --get commit.template [1ms]
2023-09-14 06:24:37.904 [info] > git for-each-ref --format=%(refname)%00%(upstream:short)%00%(objectname)%00%(upstream:track)%00%(upstream:remotename)%00%(upstream:remoteref) refs/heads/one_branch refs/remotes/one_branch [1ms]
2023-09-14 06:24:37.929 [info] > git status -z -uall [21ms]
2023-09-14 06:24:42.998 [info] > git config --get commit.template [0ms]
2023-09-14 06:24:43.004 [info] > git for-each-ref --format=%(refname)%00%(upstream:short)%00%(objectname)%00%(upstream:track)%00%(upstream:remotename)%00%(upstream:remoteref) refs/heads/one_branch refs/remotes/one_branch [1ms]
2023-09-14 06:24:43.036 [info] > git status -z -uall [16ms]
2023-09-14 06:24:50.487 [info] > git config --get commit.template [0ms]
2023-09-14 06:24:50.493 [info] > git for-each-ref --format=%(refname)%00%(upstream:short)%00%(objectname)%00%(upstream:track)%00%(upstream:remotename)%00%(upstream:remoteref) refs/heads/one_branch refs/remotes/one_branch [1ms]
2023-09-14 06:24:50.528 [info] > git status -z -uall [24ms]
2023-09-14 06:24:55.615 [info] > git config --get commit.template [6ms]
2023-09-14 06:24:55.615 [info] > git for-each-ref --format=%(refname)%00%(upstream:short)%00%(objectname)%00%(upstream:track)%00%(upstream:remotename)%00%(upstream:remoteref) refs/heads/one_branch refs/remotes/one_branch [1ms]
2023-09-14 06:24:55.640 [info] > git status -z -uall [21ms]
2023-09-14 06:25:01.493 [info] > git config --get commit.template [4ms]
2023-09-14 06:25:01.498 [info] > git for-each-ref --format=%(refname)%00%(upstream:short)%00%(objectname)%00%(upstream:track)%00%(upstream:remotename)%00%(upstream:remoteref) refs/heads/one_branch refs/remotes/one_branch [1ms]
2023-09-14 06:25:01.524 [info] > git status -z -uall [22ms]
2023-09-14 06:25:06.596 [info] > git config --get commit.template [7ms]
2023-09-14 06:25:06.596 [info] > git for-each-ref --format=%(refname)%00%(upstream:short)%00%(objectname)%00%(upstream:track)%00%(upstream:remotename)%00%(upstream:remoteref) refs/heads/one_branch refs/remotes/one_branch [1ms]
2023-09-14 06:25:06.630 [info] > git status -z -uall [22ms]
2023-09-14 06:37:47.245 [info] > git config --get commit.template [10ms]
2023-09-14 06:37:47.246 [info] > git for-each-ref --format=%(refname)%00%(upstream:short)%00%(objectname)%00%(upstream:track)%00%(upstream:remotename)%00%(upstream:remoteref) refs/heads/one_branch refs/remotes/one_branch [3ms]
2023-09-14 06:37:47.300 [info] > git status -z -uall [46ms]
2023-09-14 06:37:52.414 [info] > git config --get commit.template [1ms]
2023-09-14 06:37:52.419 [info] > git for-each-ref --format=%(refname)%00%(upstream:short)%00%(objectname)%00%(upstream:track)%00%(upstream:remotename)%00%(upstream:remoteref) refs/heads/one_branch refs/remotes/one_branch [1ms]
2023-09-14 06:37:52.439 [info] > git status -z -uall [15ms]
2023-09-14 06:37:57.503 [info] > git config --get commit.template [0ms]
2023-09-14 06:37:57.510 [info] > git for-each-ref --format=%(refname)%00%(upstream:short)%00%(objectname)%00%(upstream:track)%00%(upstream:remotename)%00%(upstream:remoteref) refs/heads/one_branch refs/remotes/one_branch [1ms]
2023-09-14 06:37:57.536 [info] > git status -z -uall [18ms]
2023-09-14 06:38:02.613 [info] > git config --get commit.template [9ms]
2023-09-14 06:38:02.614 [info] > git for-each-ref --format=%(refname)%00%(upstream:short)%00%(objectname)%00%(upstream:track)%00%(upstream:remotename)%00%(upstream:remoteref) refs/heads/one_branch refs/remotes/one_branch [2ms]
2023-09-14 06:38:02.637 [info] > git status -z -uall [15ms]
2023-09-14 06:38:07.712 [info] > git config --get commit.template [1ms]
2023-09-14 06:38:07.717 [info] > git for-each-ref --format=%(refname)%00%(upstream:short)%00%(objectname)%00%(upstream:track)%00%(upstream:remotename)%00%(upstream:remoteref) refs/heads/one_branch refs/remotes/one_branch [0ms]
2023-09-14 06:38:07.738 [info] > git status -z -uall [16ms]
2023-09-14 06:38:12.811 [info] > git config --get commit.template [1ms]
2023-09-14 06:38:12.816 [info] > git for-each-ref --format=%(refname)%00%(upstream:short)%00%(objectname)%00%(upstream:track)%00%(upstream:remotename)%00%(upstream:remoteref) refs/heads/one_branch refs/remotes/one_branch [1ms]
2023-09-14 06:38:12.833 [info] > git status -z -uall [13ms]
2023-09-14 06:38:17.911 [info] > git config --get commit.template [1ms]
2023-09-14 06:38:17.915 [info] > git for-each-ref --format=%(refname)%00%(upstream:short)%00%(objectname)%00%(upstream:track)%00%(upstream:remotename)%00%(upstream:remoteref) refs/heads/one_branch refs/remotes/one_branch [0ms]
2023-09-14 06:38:17.934 [info] > git status -z -uall [15ms]
2023-09-14 06:38:23.001 [info] > git config --get commit.template [1ms]
2023-09-14 06:38:23.008 [info] > git for-each-ref --format=%(refname)%00%(upstream:short)%00%(objectname)%00%(upstream:track)%00%(upstream:remotename)%00%(upstream:remoteref) refs/heads/one_branch refs/remotes/one_branch [1ms]
2023-09-14 06:38:23.026 [info] > git status -z -uall [14ms]
2023-09-14 06:38:28.096 [info] > git config --get commit.template [1ms]
2023-09-14 06:38:28.102 [info] > git for-each-ref --format=%(refname)%00%(upstream:short)%00%(objectname)%00%(upstream:track)%00%(upstream:remotename)%00%(upstream:remoteref) refs/heads/one_branch refs/remotes/one_branch [1ms]
2023-09-14 06:38:28.123 [info] > git status -z -uall [16ms]
2023-09-14 06:38:33.197 [info] > git config --get commit.template [1ms]
2023-09-14 06:38:33.203 [info] > git for-each-ref --format=%(refname)%00%(upstream:short)%00%(objectname)%00%(upstream:track)%00%(upstream:remotename)%00%(upstream:remoteref) refs/heads/one_branch refs/remotes/one_branch [1ms]
2023-09-14 06:38:33.223 [info] > git status -z -uall [16ms]
2023-09-14 06:38:38.302 [info] > git config --get commit.template [1ms]
2023-09-14 06:38:38.310 [info] > git for-each-ref --format=%(refname)%00%(upstream:short)%00%(objectname)%00%(upstream:track)%00%(upstream:remotename)%00%(upstream:remoteref) refs/heads/one_branch refs/remotes/one_branch [1ms]
2023-09-14 06:38:38.331 [info] > git status -z -uall [17ms]
2023-09-14 19:41:27.775 [info] > git config --get commit.template [44ms]
2023-09-14 19:41:27.780 [info] > git ls-files --stage -- /home/olawale/body {.css [16ms]
2023-09-14 19:41:27.784 [info] > git ls-files --stage -- /home/olawale/<!DOCTYPE html>.html [33ms]
2023-09-14 19:41:27.801 [info] No remotes found in the git config file.
2023-09-14 19:41:27.868 [info] > git show --textconv :body {.css [18ms]
2023-09-14 19:41:27.868 [info] > git show --textconv :<!DOCTYPE html>.html [0ms]
2023-09-14 19:41:27.869 [info] > git for-each-ref --format=%(refname)%00%(upstream:short)%00%(objectname)%00%(upstream:track)%00%(upstream:remotename)%00%(upstream:remoteref) refs/heads/master refs/remotes/master [69ms]
2023-09-14 19:41:27.947 [info] > git status -z -uall [59ms]
