2023-09-16 18:22:23.054 [info] Extension host with pid 18052 started
2023-09-16 18:22:23.059 [error] Error: EEXIST: file already exists, open '/home/olawale/.vscode-server/data/User/workspaceStorage/d2f7c652791d2a953328393f061787f1/vscode.lock'
2023-09-16 18:22:23.063 [info] Lock '/home/olawale/.vscode-server/data/User/workspaceStorage/d2f7c652791d2a953328393f061787f1/vscode.lock': Could not acquire lock, checking if the file is stale.
2023-09-16 18:22:23.067 [info] Lock '/home/olawale/.vscode-server/data/User/workspaceStorage/d2f7c652791d2a953328393f061787f1/vscode.lock': The lockfile is scheduled to have been released.
2023-09-16 18:22:23.068 [info] Lock '/home/olawale/.vscode-server/data/User/workspaceStorage/d2f7c652791d2a953328393f061787f1/vscode.lock': Deleting a stale lock.
2023-09-16 18:22:23.090 [info] Lock '/home/olawale/.vscode-server/data/User/workspaceStorage/d2f7c652791d2a953328393f061787f1/vscode.lock': Lock acquired.
2023-09-16 18:22:23.294 [info] ExtensionService#_doActivateExtension vscode.emmet, startup: false, activationEvent: 'onLanguage'
2023-09-16 18:22:23.454 [info] ExtensionService#_doActivateExtension vscode.git-base, startup: true, activationEvent: '*', root cause: vscode.git
2023-09-16 18:22:23.482 [info] ExtensionService#_doActivateExtension vscode.git, startup: true, activationEvent: '*'
2023-09-16 18:22:23.482 [info] ExtensionService#_doActivateExtension vscode.github, startup: true, activationEvent: '*'
2023-09-16 18:22:23.830 [info] Eager extensions activated
2023-09-16 18:22:23.831 [info] ExtensionService#_doActivateExtension vscode.debug-auto-launch, startup: false, activationEvent: 'onStartupFinished'
2023-09-16 18:22:23.832 [info] ExtensionService#_doActivateExtension vscode.merge-conflict, startup: false, activationEvent: 'onStartupFinished'
2023-09-16 18:22:24.670 [warning] [Decorations] CAPPING events from decorations provider vscode.git 3968
2023-09-16 18:22:25.362 [warning] [Decorations] CAPPING events from decorations provider vscode.git 3968
2023-09-16 18:22:28.416 [warning] [Decorations] CAPPING events from decorations provider vscode.git 3968
2023-09-16 18:22:33.508 [warning] [Decorations] CAPPING events from decorations provider vscode.git 3968
2023-09-16 18:22:38.599 [warning] [Decorations] CAPPING events from decorations provider vscode.git 3968
2023-09-16 18:23:15.515 [warning] [Decorations] CAPPING events from decorations provider vscode.git 3968
2023-09-16 18:23:20.609 [warning] [Decorations] CAPPING events from decorations provider vscode.git 3968
2023-09-16 18:23:25.698 [warning] [Decorations] CAPPING events from decorations provider vscode.git 3968
2023-09-16 18:23:30.791 [warning] [Decorations] CAPPING events from decorations provider vscode.git 3968
2023-09-16 18:23:35.885 [warning] [Decorations] CAPPING events from decorations provider vscode.git 3968
2023-09-16 18:23:40.976 [warning] [Decorations] CAPPING events from decorations provider vscode.git 3968
2023-09-16 18:23:46.071 [warning] [Decorations] CAPPING events from decorations provider vscode.git 3968
2023-09-16 18:23:51.186 [warning] [Decorations] CAPPING events from decorations provider vscode.git 3968
2023-09-16 18:24:07.162 [warning] [Decorations] CAPPING events from decorations provider vscode.git 3968
2023-09-16 18:24:12.258 [warning] [Decorations] CAPPING events from decorations provider vscode.git 3968
2023-09-16 18:24:17.345 [warning] [Decorations] CAPPING events from decorations provider vscode.git 3968
2023-09-16 18:24:22.434 [warning] [Decorations] CAPPING events from decorations provider vscode.git 3968
2023-09-16 18:24:27.525 [warning] [Decorations] CAPPING events from decorations provider vscode.git 3968
2023-09-16 18:24:32.616 [warning] [Decorations] CAPPING events from decorations provider vscode.git 3968
2023-09-16 18:24:37.709 [warning] [Decorations] CAPPING events from decorations provider vscode.git 3968
2023-09-16 18:24:42.797 [warning] [Decorations] CAPPING events from decorations provider vscode.git 3968
2023-09-16 18:24:47.882 [warning] [Decorations] CAPPING events from decorations provider vscode.git 3968
2023-09-16 18:24:52.967 [warning] [Decorations] CAPPING events from decorations provider vscode.git 3968
2023-09-16 18:24:58.062 [warning] [Decorations] CAPPING events from decorations provider vscode.git 3968
2023-09-16 18:25:03.153 [warning] [Decorations] CAPPING events from decorations provider vscode.git 3968
2023-09-16 18:25:08.239 [warning] [Decorations] CAPPING events from decorations provider vscode.git 3968
2023-09-16 18:25:31.909 [warning] [Decorations] CAPPING events from decorations provider vscode.git 3968
2023-09-16 18:25:37.001 [warning] [Decorations] CAPPING events from decorations provider vscode.git 3968
2023-09-16 18:25:42.088 [warning] [Decorations] CAPPING events from decorations provider vscode.git 3968
2023-09-16 18:25:47.172 [warning] [Decorations] CAPPING events from decorations provider vscode.git 3968
2023-09-16 18:25:52.271 [warning] [Decorations] CAPPING events from decorations provider vscode.git 3968
2023-09-16 18:25:57.362 [warning] [Decorations] CAPPING events from decorations provider vscode.git 3968
2023-09-16 18:26:02.453 [warning] [Decorations] CAPPING events from decorations provider vscode.git 3968
2023-09-16 18:26:07.539 [warning] [Decorations] CAPPING events from decorations provider vscode.git 3968
2023-09-16 18:26:12.624 [warning] [Decorations] CAPPING events from decorations provider vscode.git 3968
2023-09-16 18:26:17.716 [warning] [Decorations] CAPPING events from decorations provider vscode.git 3968
2023-09-16 18:26:22.811 [warning] [Decorations] CAPPING events from decorations provider vscode.git 3968
2023-09-16 18:26:27.910 [warning] [Decorations] CAPPING events from decorations provider vscode.git 3968
2023-09-16 18:26:33.002 [warning] [Decorations] CAPPING events from decorations provider vscode.git 3968
2023-09-16 18:26:46.119 [warning] [Decorations] CAPPING events from decorations provider vscode.git 3968
2023-09-16 18:26:51.218 [warning] [Decorations] CAPPING events from decorations provider vscode.git 3968
2023-09-16 18:26:56.312 [warning] [Decorations] CAPPING events from decorations provider vscode.git 3968
2023-09-16 18:27:01.405 [warning] [Decorations] CAPPING events from decorations provider vscode.git 3968
2023-09-16 18:27:06.503 [warning] [Decorations] CAPPING events from decorations provider vscode.git 3968
2023-09-16 18:27:13.835 [warning] [Decorations] CAPPING events from decorations provider vscode.git 3968
2023-09-16 18:27:18.931 [warning] [Decorations] CAPPING events from decorations provider vscode.git 3968
2023-09-16 18:27:24.021 [warning] [Decorations] CAPPING events from decorations provider vscode.git 3968
2023-09-16 18:27:29.121 [warning] [Decorations] CAPPING events from decorations provider vscode.git 3968
2023-09-16 18:27:59.926 [warning] [Decorations] CAPPING events from decorations provider vscode.git 3968
2023-09-16 18:28:05.011 [warning] [Decorations] CAPPING events from decorations provider vscode.git 3968
2023-09-16 18:28:10.100 [warning] [Decorations] CAPPING events from decorations provider vscode.git 3968
2023-09-16 18:28:15.189 [warning] [Decorations] CAPPING events from decorations provider vscode.git 3968
2023-09-16 18:28:20.273 [warning] [Decorations] CAPPING events from decorations provider vscode.git 3968
2023-09-16 18:28:25.379 [warning] [Decorations] CAPPING events from decorations provider vscode.git 3971
2023-09-16 18:28:30.475 [warning] [Decorations] CAPPING events from decorations provider vscode.git 3971
2023-09-16 18:28:35.560 [warning] [Decorations] CAPPING events from decorations provider vscode.git 3971
2023-09-16 18:39:27.683 [warning] [Decorations] CAPPING events from decorations provider vscode.git 3971
2023-09-16 18:39:32.795 [warning] [Decorations] CAPPING events from decorations provider vscode.git 3971
2023-09-16 18:39:37.898 [warning] [Decorations] CAPPING events from decorations provider vscode.git 3971
2023-09-16 18:39:42.986 [warning] [Decorations] CAPPING events from decorations provider vscode.git 3971
2023-09-16 18:39:48.077 [warning] [Decorations] CAPPING events from decorations provider vscode.git 3971
2023-09-16 18:39:53.165 [warning] [Decorations] CAPPING events from decorations provider vscode.git 3971
2023-09-16 18:39:58.275 [warning] [Decorations] CAPPING events from decorations provider vscode.git 3971
2023-09-16 18:40:03.369 [warning] [Decorations] CAPPING events from decorations provider vscode.git 3971
2023-09-16 18:49:16.509 [warning] [Decorations] CAPPING events from decorations provider vscode.git 3971
2023-09-16 18:49:21.613 [warning] [Decorations] CAPPING events from decorations provider vscode.git 3971
2023-09-16 18:49:26.709 [warning] [Decorations] CAPPING events from decorations provider vscode.git 3971
2023-09-16 18:49:31.799 [warning] [Decorations] CAPPING events from decorations provider vscode.git 3971
2023-09-16 18:49:36.887 [warning] [Decorations] CAPPING events from decorations provider vscode.git 3971
2023-09-16 18:49:41.992 [warning] [Decorations] CAPPING events from decorations provider vscode.git 3971
2023-09-16 18:50:06.383 [warning] [Decorations] CAPPING events from decorations provider vscode.git 3971
2023-09-16 18:50:11.490 [warning] [Decorations] CAPPING events from decorations provider vscode.git 3971
