2023-09-16 18:22:24.174 [info] Log level: Info
2023-09-16 18:22:24.174 [info] Validating found git in: "git"
2023-09-16 18:22:24.174 [info] Using git "2.34.1" from "git"
2023-09-16 18:22:24.174 [info] > git rev-parse --show-toplevel [6ms]
2023-09-16 18:22:24.174 [info] > git rev-parse --git-dir --git-common-dir [3ms]
2023-09-16 18:22:24.174 [info] Open repository: /home/olawale
2023-09-16 18:22:24.174 [info] > git rev-parse --show-toplevel [85ms]
2023-09-16 18:22:24.174 [info] > git config --get commit.template [98ms]
2023-09-16 18:22:24.174 [info] > git rev-parse --show-toplevel [16ms]
2023-09-16 18:22:24.176 [info] > git rev-parse --show-toplevel [5ms]
2023-09-16 18:22:24.187 [info] > git for-each-ref --format=%(refname)%00%(upstream:short)%00%(objectname)%00%(upstream:track)%00%(upstream:remotename)%00%(upstream:remoteref) refs/heads/master refs/remotes/master [68ms]
2023-09-16 18:22:24.232 [info] > git rev-parse --show-toplevel [48ms]
2023-09-16 18:22:24.269 [info] > git rev-parse --show-toplevel [2ms]
2023-09-16 18:22:24.304 [info] > git rev-parse --show-toplevel [3ms]
2023-09-16 18:22:24.318 [info] > git rev-parse --show-toplevel [1ms]
2023-09-16 18:22:24.346 [info] > git rev-parse --show-toplevel [5ms]
2023-09-16 18:22:24.354 [info] > git rev-parse --git-dir --git-common-dir [1ms]
2023-09-16 18:22:24.360 [info] Open repository: /home/olawale/learn_git_again
2023-09-16 18:22:24.394 [info] > git config --get commit.template [14ms]
2023-09-16 18:22:24.395 [info] > git rev-parse --show-toplevel [3ms]
2023-09-16 18:22:24.417 [info] No remotes found in the git config file.
2023-09-16 18:22:24.431 [info] > git for-each-ref --format=%(refname)%00%(upstream:short)%00%(objectname)%00%(upstream:track)%00%(upstream:remotename)%00%(upstream:remoteref) refs/heads/master refs/remotes/master [14ms]
2023-09-16 18:22:24.442 [info] > git rev-parse --git-dir --git-common-dir [12ms]
2023-09-16 18:22:24.445 [info] Open repository: /home/olawale/merge_conflicts
2023-09-16 18:22:24.451 [info] > git status -z -uall [221ms]
2023-09-16 18:22:24.451 [info] > git status -z -uall [15ms]
2023-09-16 18:22:25.220 [info] > git check-ignore -v -z --stdin [20ms]
2023-09-16 18:22:25.229 [info] > git config --get commit.template [21ms]
2023-09-16 18:22:25.229 [info] > git config --get commit.template [25ms]
2023-09-16 18:22:25.236 [info] No remotes found in the git config file.
2023-09-16 18:22:25.240 [info] No remotes found in the git config file.
2023-09-16 18:22:25.250 [info] > git for-each-ref --format=%(refname)%00%(upstream:short)%00%(objectname)%00%(upstream:track)%00%(upstream:remotename)%00%(upstream:remoteref) refs/heads/master refs/remotes/master [2ms]
2023-09-16 18:22:25.261 [info] > git for-each-ref --format=%(refname)%00%(upstream:short)%00%(objectname)%00%(upstream:track)%00%(upstream:remotename)%00%(upstream:remoteref) refs/heads/master refs/remotes/master [21ms]
2023-09-16 18:22:25.271 [info] > git for-each-ref --format=%(refname)%00%(upstream:short)%00%(objectname)%00%(upstream:track)%00%(upstream:remotename)%00%(upstream:remoteref) refs/heads/main refs/remotes/main [36ms]
2023-09-16 18:22:25.290 [info] > git status -z -uall [20ms]
2023-09-16 18:22:25.290 [info] > git status -z -uall [2ms]
2023-09-16 18:22:25.293 [info] > git status -z -uall [32ms]
2023-09-16 18:22:25.380 [info] No remotes found in the git config file.
2023-09-16 18:22:25.381 [info] > git for-each-ref --format=%(refname)%00%(upstream:short)%00%(objectname)%00%(upstream:track)%00%(upstream:remotename)%00%(upstream:remoteref) refs/heads/main refs/remotes/main [1ms]
2023-09-16 18:22:25.389 [info] > git status -z -uall [2ms]
2023-09-16 18:22:25.765 [info] > git check-ignore -v -z --stdin [14ms]
2023-09-16 18:22:25.766 [info] > git check-ignore -v -z --stdin [10ms]
2023-09-16 18:22:25.766 [info] > git check-ignore -v -z --stdin [3ms]
2023-09-16 18:22:28.312 [info] > git config --get commit.template [1ms]
2023-09-16 18:22:28.318 [info] > git for-each-ref --format=%(refname)%00%(upstream:short)%00%(objectname)%00%(upstream:track)%00%(upstream:remotename)%00%(upstream:remoteref) refs/heads/master refs/remotes/master [1ms]
2023-09-16 18:22:28.347 [info] > git status -z -uall [17ms]
2023-09-16 18:22:33.432 [info] > git config --get commit.template [1ms]
2023-09-16 18:22:33.437 [info] > git for-each-ref --format=%(refname)%00%(upstream:short)%00%(objectname)%00%(upstream:track)%00%(upstream:remotename)%00%(upstream:remoteref) refs/heads/master refs/remotes/master [1ms]
2023-09-16 18:22:33.456 [info] > git status -z -uall [15ms]
2023-09-16 18:22:38.527 [info] > git config --get commit.template [0ms]
2023-09-16 18:22:38.531 [info] > git for-each-ref --format=%(refname)%00%(upstream:short)%00%(objectname)%00%(upstream:track)%00%(upstream:remotename)%00%(upstream:remoteref) refs/heads/master refs/remotes/master [0ms]
2023-09-16 18:22:38.549 [info] > git status -z -uall [13ms]
2023-09-16 18:23:15.335 [info] > git config --get commit.template [2ms]
2023-09-16 18:23:15.350 [info] > git for-each-ref --format=%(refname)%00%(upstream:short)%00%(objectname)%00%(upstream:track)%00%(upstream:remotename)%00%(upstream:remoteref) refs/heads/master refs/remotes/master [3ms]
2023-09-16 18:23:15.414 [info] > git status -z -uall [53ms]
2023-09-16 18:23:20.529 [info] > git config --get commit.template [1ms]
2023-09-16 18:23:20.535 [info] > git for-each-ref --format=%(refname)%00%(upstream:short)%00%(objectname)%00%(upstream:track)%00%(upstream:remotename)%00%(upstream:remoteref) refs/heads/master refs/remotes/master [2ms]
2023-09-16 18:23:20.557 [info] > git status -z -uall [18ms]
2023-09-16 18:23:25.625 [info] > git config --get commit.template [1ms]
2023-09-16 18:23:25.629 [info] > git for-each-ref --format=%(refname)%00%(upstream:short)%00%(objectname)%00%(upstream:track)%00%(upstream:remotename)%00%(upstream:remoteref) refs/heads/master refs/remotes/master [0ms]
2023-09-16 18:23:25.646 [info] > git status -z -uall [13ms]
2023-09-16 18:23:30.718 [info] > git config --get commit.template [0ms]
2023-09-16 18:23:30.722 [info] > git for-each-ref --format=%(refname)%00%(upstream:short)%00%(objectname)%00%(upstream:track)%00%(upstream:remotename)%00%(upstream:remoteref) refs/heads/master refs/remotes/master [0ms]
2023-09-16 18:23:30.738 [info] > git status -z -uall [12ms]
2023-09-16 18:23:35.814 [info] > git config --get commit.template [5ms]
2023-09-16 18:23:35.815 [info] > git for-each-ref --format=%(refname)%00%(upstream:short)%00%(objectname)%00%(upstream:track)%00%(upstream:remotename)%00%(upstream:remoteref) refs/heads/master refs/remotes/master [1ms]
2023-09-16 18:23:35.832 [info] > git status -z -uall [14ms]
2023-09-16 18:23:40.899 [info] > git config --get commit.template [1ms]
2023-09-16 18:23:40.903 [info] > git for-each-ref --format=%(refname)%00%(upstream:short)%00%(objectname)%00%(upstream:track)%00%(upstream:remotename)%00%(upstream:remoteref) refs/heads/master refs/remotes/master [1ms]
2023-09-16 18:23:40.922 [info] > git status -z -uall [13ms]
2023-09-16 18:23:45.994 [info] > git config --get commit.template [1ms]
2023-09-16 18:23:45.999 [info] > git for-each-ref --format=%(refname)%00%(upstream:short)%00%(objectname)%00%(upstream:track)%00%(upstream:remotename)%00%(upstream:remoteref) refs/heads/master refs/remotes/master [0ms]
2023-09-16 18:23:46.017 [info] > git status -z -uall [13ms]
2023-09-16 18:23:51.091 [info] > git config --get commit.template [1ms]
2023-09-16 18:23:51.097 [info] > git for-each-ref --format=%(refname)%00%(upstream:short)%00%(objectname)%00%(upstream:track)%00%(upstream:remotename)%00%(upstream:remoteref) refs/heads/master refs/remotes/master [1ms]
2023-09-16 18:23:51.122 [info] > git status -z -uall [20ms]
2023-09-16 18:24:07.072 [info] > git config --get commit.template [9ms]
2023-09-16 18:24:07.073 [info] > git for-each-ref --format=%(refname)%00%(upstream:short)%00%(objectname)%00%(upstream:track)%00%(upstream:remotename)%00%(upstream:remoteref) refs/heads/master refs/remotes/master [2ms]
2023-09-16 18:24:07.093 [info] > git status -z -uall [15ms]
2023-09-16 18:24:12.182 [info] > git config --get commit.template [5ms]
2023-09-16 18:24:12.182 [info] > git for-each-ref --format=%(refname)%00%(upstream:short)%00%(objectname)%00%(upstream:track)%00%(upstream:remotename)%00%(upstream:remoteref) refs/heads/master refs/remotes/master [1ms]
2023-09-16 18:24:12.203 [info] > git status -z -uall [17ms]
2023-09-16 18:24:17.279 [info] > git config --get commit.template [6ms]
2023-09-16 18:24:17.279 [info] > git for-each-ref --format=%(refname)%00%(upstream:short)%00%(objectname)%00%(upstream:track)%00%(upstream:remotename)%00%(upstream:remoteref) refs/heads/master refs/remotes/master [1ms]
2023-09-16 18:24:17.296 [info] > git status -z -uall [13ms]
2023-09-16 18:24:22.360 [info] > git config --get commit.template [1ms]
2023-09-16 18:24:22.364 [info] > git for-each-ref --format=%(refname)%00%(upstream:short)%00%(objectname)%00%(upstream:track)%00%(upstream:remotename)%00%(upstream:remoteref) refs/heads/master refs/remotes/master [1ms]
2023-09-16 18:24:22.381 [info] > git status -z -uall [13ms]
2023-09-16 18:24:27.458 [info] > git config --get commit.template [7ms]
2023-09-16 18:24:27.458 [info] > git for-each-ref --format=%(refname)%00%(upstream:short)%00%(objectname)%00%(upstream:track)%00%(upstream:remotename)%00%(upstream:remoteref) refs/heads/master refs/remotes/master [1ms]
2023-09-16 18:24:27.474 [info] > git status -z -uall [13ms]
2023-09-16 18:24:32.544 [info] > git config --get commit.template [0ms]
2023-09-16 18:24:32.549 [info] > git for-each-ref --format=%(refname)%00%(upstream:short)%00%(objectname)%00%(upstream:track)%00%(upstream:remotename)%00%(upstream:remoteref) refs/heads/master refs/remotes/master [1ms]
2023-09-16 18:24:32.566 [info] > git status -z -uall [13ms]
2023-09-16 18:24:37.632 [info] > git config --get commit.template [1ms]
2023-09-16 18:24:37.637 [info] > git for-each-ref --format=%(refname)%00%(upstream:short)%00%(objectname)%00%(upstream:track)%00%(upstream:remotename)%00%(upstream:remoteref) refs/heads/master refs/remotes/master [1ms]
2023-09-16 18:24:37.655 [info] > git status -z -uall [15ms]
2023-09-16 18:24:42.728 [info] > git config --get commit.template [6ms]
2023-09-16 18:24:42.728 [info] > git for-each-ref --format=%(refname)%00%(upstream:short)%00%(objectname)%00%(upstream:track)%00%(upstream:remotename)%00%(upstream:remoteref) refs/heads/master refs/remotes/master [1ms]
2023-09-16 18:24:42.745 [info] > git status -z -uall [13ms]
2023-09-16 18:24:47.811 [info] > git config --get commit.template [1ms]
2023-09-16 18:24:47.817 [info] > git for-each-ref --format=%(refname)%00%(upstream:short)%00%(objectname)%00%(upstream:track)%00%(upstream:remotename)%00%(upstream:remoteref) refs/heads/master refs/remotes/master [0ms]
2023-09-16 18:24:47.832 [info] > git status -z -uall [11ms]
2023-09-16 18:24:52.897 [info] > git config --get commit.template [1ms]
2023-09-16 18:24:52.901 [info] > git for-each-ref --format=%(refname)%00%(upstream:short)%00%(objectname)%00%(upstream:track)%00%(upstream:remotename)%00%(upstream:remoteref) refs/heads/master refs/remotes/master [1ms]
2023-09-16 18:24:52.916 [info] > git status -z -uall [12ms]
2023-09-16 18:24:57.982 [info] > git config --get commit.template [0ms]
2023-09-16 18:24:57.988 [info] > git for-each-ref --format=%(refname)%00%(upstream:short)%00%(objectname)%00%(upstream:track)%00%(upstream:remotename)%00%(upstream:remoteref) refs/heads/master refs/remotes/master [1ms]
2023-09-16 18:24:58.007 [info] > git status -z -uall [15ms]
2023-09-16 18:25:03.079 [info] > git config --get commit.template [1ms]
2023-09-16 18:25:03.083 [info] > git for-each-ref --format=%(refname)%00%(upstream:short)%00%(objectname)%00%(upstream:track)%00%(upstream:remotename)%00%(upstream:remoteref) refs/heads/master refs/remotes/master [0ms]
2023-09-16 18:25:03.100 [info] > git status -z -uall [12ms]
2023-09-16 18:25:08.169 [info] > git config --get commit.template [1ms]
2023-09-16 18:25:08.173 [info] > git for-each-ref --format=%(refname)%00%(upstream:short)%00%(objectname)%00%(upstream:track)%00%(upstream:remotename)%00%(upstream:remoteref) refs/heads/master refs/remotes/master [1ms]
2023-09-16 18:25:08.189 [info] > git status -z -uall [12ms]
2023-09-16 18:25:31.830 [info] > git config --get commit.template [6ms]
2023-09-16 18:25:31.830 [info] > git for-each-ref --format=%(refname)%00%(upstream:short)%00%(objectname)%00%(upstream:track)%00%(upstream:remotename)%00%(upstream:remoteref) refs/heads/master refs/remotes/master [1ms]
2023-09-16 18:25:31.851 [info] > git status -z -uall [14ms]
2023-09-16 18:25:36.922 [info] > git config --get commit.template [1ms]
2023-09-16 18:25:36.927 [info] > git for-each-ref --format=%(refname)%00%(upstream:short)%00%(objectname)%00%(upstream:track)%00%(upstream:remotename)%00%(upstream:remoteref) refs/heads/master refs/remotes/master [1ms]
2023-09-16 18:25:36.943 [info] > git status -z -uall [13ms]
2023-09-16 18:25:42.014 [info] > git config --get commit.template [1ms]
2023-09-16 18:25:42.019 [info] > git for-each-ref --format=%(refname)%00%(upstream:short)%00%(objectname)%00%(upstream:track)%00%(upstream:remotename)%00%(upstream:remoteref) refs/heads/master refs/remotes/master [1ms]
2023-09-16 18:25:42.037 [info] > git status -z -uall [14ms]
2023-09-16 18:25:47.102 [info] > git config --get commit.template [1ms]
2023-09-16 18:25:47.106 [info] > git for-each-ref --format=%(refname)%00%(upstream:short)%00%(objectname)%00%(upstream:track)%00%(upstream:remotename)%00%(upstream:remoteref) refs/heads/master refs/remotes/master [1ms]
2023-09-16 18:25:47.122 [info] > git status -z -uall [12ms]
2023-09-16 18:25:52.188 [info] > git config --get commit.template [1ms]
2023-09-16 18:25:52.196 [info] > git for-each-ref --format=%(refname)%00%(upstream:short)%00%(objectname)%00%(upstream:track)%00%(upstream:remotename)%00%(upstream:remoteref) refs/heads/master refs/remotes/master [1ms]
2023-09-16 18:25:52.214 [info] > git status -z -uall [13ms]
2023-09-16 18:25:57.291 [info] > git config --get commit.template [5ms]
2023-09-16 18:25:57.291 [info] > git for-each-ref --format=%(refname)%00%(upstream:short)%00%(objectname)%00%(upstream:track)%00%(upstream:remotename)%00%(upstream:remoteref) refs/heads/master refs/remotes/master [1ms]
2023-09-16 18:25:57.309 [info] > git status -z -uall [14ms]
2023-09-16 18:26:02.378 [info] > git config --get commit.template [1ms]
2023-09-16 18:26:02.383 [info] > git for-each-ref --format=%(refname)%00%(upstream:short)%00%(objectname)%00%(upstream:track)%00%(upstream:remotename)%00%(upstream:remoteref) refs/heads/master refs/remotes/master [0ms]
2023-09-16 18:26:02.399 [info] > git status -z -uall [13ms]
2023-09-16 18:26:07.470 [info] > git config --get commit.template [0ms]
2023-09-16 18:26:07.474 [info] > git for-each-ref --format=%(refname)%00%(upstream:short)%00%(objectname)%00%(upstream:track)%00%(upstream:remotename)%00%(upstream:remoteref) refs/heads/master refs/remotes/master [1ms]
2023-09-16 18:26:07.490 [info] > git status -z -uall [12ms]
2023-09-16 18:26:12.552 [info] > git config --get commit.template [1ms]
2023-09-16 18:26:12.557 [info] > git for-each-ref --format=%(refname)%00%(upstream:short)%00%(objectname)%00%(upstream:track)%00%(upstream:remotename)%00%(upstream:remoteref) refs/heads/master refs/remotes/master [1ms]
2023-09-16 18:26:12.572 [info] > git status -z -uall [12ms]
2023-09-16 18:26:17.643 [info] > git config --get commit.template [1ms]
2023-09-16 18:26:17.650 [info] > git for-each-ref --format=%(refname)%00%(upstream:short)%00%(objectname)%00%(upstream:track)%00%(upstream:remotename)%00%(upstream:remoteref) refs/heads/master refs/remotes/master [1ms]
2023-09-16 18:26:17.666 [info] > git status -z -uall [12ms]
2023-09-16 18:26:22.738 [info] > git config --get commit.template [5ms]
2023-09-16 18:26:22.739 [info] > git for-each-ref --format=%(refname)%00%(upstream:short)%00%(objectname)%00%(upstream:track)%00%(upstream:remotename)%00%(upstream:remoteref) refs/heads/master refs/remotes/master [1ms]
2023-09-16 18:26:22.756 [info] > git status -z -uall [13ms]
2023-09-16 18:26:27.834 [info] > git config --get commit.template [5ms]
2023-09-16 18:26:27.834 [info] > git for-each-ref --format=%(refname)%00%(upstream:short)%00%(objectname)%00%(upstream:track)%00%(upstream:remotename)%00%(upstream:remoteref) refs/heads/master refs/remotes/master [1ms]
2023-09-16 18:26:27.859 [info] > git status -z -uall [13ms]
2023-09-16 18:26:32.926 [info] > git config --get commit.template [1ms]
2023-09-16 18:26:32.932 [info] > git for-each-ref --format=%(refname)%00%(upstream:short)%00%(objectname)%00%(upstream:track)%00%(upstream:remotename)%00%(upstream:remoteref) refs/heads/master refs/remotes/master [1ms]
2023-09-16 18:26:32.951 [info] > git status -z -uall [13ms]
2023-09-16 18:26:46.039 [info] > git config --get commit.template [1ms]
2023-09-16 18:26:46.048 [info] > git for-each-ref --format=%(refname)%00%(upstream:short)%00%(objectname)%00%(upstream:track)%00%(upstream:remotename)%00%(upstream:remoteref) refs/heads/master refs/remotes/master [1ms]
2023-09-16 18:26:46.067 [info] > git status -z -uall [14ms]
2023-09-16 18:26:51.140 [info] > git config --get commit.template [6ms]
2023-09-16 18:26:51.140 [info] > git for-each-ref --format=%(refname)%00%(upstream:short)%00%(objectname)%00%(upstream:track)%00%(upstream:remotename)%00%(upstream:remoteref) refs/heads/master refs/remotes/master [1ms]
2023-09-16 18:26:51.160 [info] > git status -z -uall [15ms]
2023-09-16 18:26:56.233 [info] > git config --get commit.template [0ms]
2023-09-16 18:26:56.238 [info] > git for-each-ref --format=%(refname)%00%(upstream:short)%00%(objectname)%00%(upstream:track)%00%(upstream:remotename)%00%(upstream:remoteref) refs/heads/master refs/remotes/master [1ms]
2023-09-16 18:26:56.256 [info] > git status -z -uall [14ms]
2023-09-16 18:27:01.335 [info] > git config --get commit.template [8ms]
2023-09-16 18:27:01.336 [info] > git for-each-ref --format=%(refname)%00%(upstream:short)%00%(objectname)%00%(upstream:track)%00%(upstream:remotename)%00%(upstream:remoteref) refs/heads/master refs/remotes/master [2ms]
2023-09-16 18:27:01.353 [info] > git status -z -uall [14ms]
2023-09-16 18:27:06.420 [info] > git config --get commit.template [0ms]
2023-09-16 18:27:06.425 [info] > git for-each-ref --format=%(refname)%00%(upstream:short)%00%(objectname)%00%(upstream:track)%00%(upstream:remotename)%00%(upstream:remoteref) refs/heads/master refs/remotes/master [1ms]
2023-09-16 18:27:06.444 [info] > git status -z -uall [13ms]
2023-09-16 18:27:13.744 [info] > git config --get commit.template [2ms]
2023-09-16 18:27:13.758 [info] > git for-each-ref --format=%(refname)%00%(upstream:short)%00%(objectname)%00%(upstream:track)%00%(upstream:remotename)%00%(upstream:remoteref) refs/heads/master refs/remotes/master [1ms]
2023-09-16 18:27:13.782 [info] > git status -z -uall [16ms]
2023-09-16 18:27:18.858 [info] > git config --get commit.template [5ms]
2023-09-16 18:27:18.859 [info] > git for-each-ref --format=%(refname)%00%(upstream:short)%00%(objectname)%00%(upstream:track)%00%(upstream:remotename)%00%(upstream:remoteref) refs/heads/master refs/remotes/master [1ms]
2023-09-16 18:27:18.877 [info] > git status -z -uall [13ms]
2023-09-16 18:27:23.946 [info] > git config --get commit.template [2ms]
2023-09-16 18:27:23.951 [info] > git for-each-ref --format=%(refname)%00%(upstream:short)%00%(objectname)%00%(upstream:track)%00%(upstream:remotename)%00%(upstream:remoteref) refs/heads/master refs/remotes/master [1ms]
2023-09-16 18:27:23.968 [info] > git status -z -uall [13ms]
2023-09-16 18:27:29.037 [info] > git config --get commit.template [1ms]
2023-09-16 18:27:29.042 [info] > git for-each-ref --format=%(refname)%00%(upstream:short)%00%(objectname)%00%(upstream:track)%00%(upstream:remotename)%00%(upstream:remoteref) refs/heads/master refs/remotes/master [1ms]
2023-09-16 18:27:29.064 [info] > git status -z -uall [14ms]
2023-09-16 18:27:59.828 [info] > git config --get commit.template [9ms]
2023-09-16 18:27:59.834 [info] > git for-each-ref --format=%(refname)%00%(upstream:short)%00%(objectname)%00%(upstream:track)%00%(upstream:remotename)%00%(upstream:remoteref) refs/heads/master refs/remotes/master [2ms]
2023-09-16 18:27:59.863 [info] > git status -z -uall [20ms]
2023-09-16 18:28:04.938 [info] > git config --get commit.template [1ms]
2023-09-16 18:28:04.943 [info] > git for-each-ref --format=%(refname)%00%(upstream:short)%00%(objectname)%00%(upstream:track)%00%(upstream:remotename)%00%(upstream:remoteref) refs/heads/master refs/remotes/master [1ms]
2023-09-16 18:28:04.964 [info] > git status -z -uall [16ms]
2023-09-16 18:28:10.029 [info] > git config --get commit.template [1ms]
2023-09-16 18:28:10.034 [info] > git for-each-ref --format=%(refname)%00%(upstream:short)%00%(objectname)%00%(upstream:track)%00%(upstream:remotename)%00%(upstream:remoteref) refs/heads/master refs/remotes/master [1ms]
2023-09-16 18:28:10.051 [info] > git status -z -uall [13ms]
2023-09-16 18:28:15.112 [info] > git config --get commit.template [1ms]
2023-09-16 18:28:15.117 [info] > git for-each-ref --format=%(refname)%00%(upstream:short)%00%(objectname)%00%(upstream:track)%00%(upstream:remotename)%00%(upstream:remoteref) refs/heads/master refs/remotes/master [1ms]
2023-09-16 18:28:15.134 [info] > git status -z -uall [14ms]
2023-09-16 18:28:20.203 [info] > git config --get commit.template [1ms]
2023-09-16 18:28:20.208 [info] > git for-each-ref --format=%(refname)%00%(upstream:short)%00%(objectname)%00%(upstream:track)%00%(upstream:remotename)%00%(upstream:remoteref) refs/heads/master refs/remotes/master [1ms]
2023-09-16 18:28:20.224 [info] > git status -z -uall [12ms]
2023-09-16 18:28:21.051 [info] > git show --textconv :NewBranch.txt [5ms]
2023-09-16 18:28:21.053 [info] > git ls-files --stage -- /home/olawale/NewBranch.txt [2ms]
2023-09-16 18:28:21.173 [info] > git check-ignore -v -z --stdin [3ms]
2023-09-16 18:28:25.288 [info] > git config --get commit.template [1ms]
2023-09-16 18:28:25.295 [info] > git for-each-ref --format=%(refname)%00%(upstream:short)%00%(objectname)%00%(upstream:track)%00%(upstream:remotename)%00%(upstream:remoteref) refs/heads/master refs/remotes/master [1ms]
2023-09-16 18:28:25.322 [info] > git status -z -uall [20ms]
2023-09-16 18:28:30.397 [info] > git config --get commit.template [0ms]
2023-09-16 18:28:30.402 [info] > git for-each-ref --format=%(refname)%00%(upstream:short)%00%(objectname)%00%(upstream:track)%00%(upstream:remotename)%00%(upstream:remoteref) refs/heads/master refs/remotes/master [1ms]
2023-09-16 18:28:30.421 [info] > git status -z -uall [14ms]
2023-09-16 18:28:35.488 [info] > git config --get commit.template [0ms]
2023-09-16 18:28:35.493 [info] > git for-each-ref --format=%(refname)%00%(upstream:short)%00%(objectname)%00%(upstream:track)%00%(upstream:remotename)%00%(upstream:remoteref) refs/heads/master refs/remotes/master [1ms]
2023-09-16 18:28:35.510 [info] > git status -z -uall [13ms]
2023-09-16 18:39:27.430 [info] > git config --get commit.template [21ms]
2023-09-16 18:39:27.439 [info] > git for-each-ref --format=%(refname)%00%(upstream:short)%00%(objectname)%00%(upstream:track)%00%(upstream:remotename)%00%(upstream:remoteref) refs/heads/master refs/remotes/master [20ms]
2023-09-16 18:39:27.565 [info] > git status -z -uall [107ms]
2023-09-16 18:39:32.719 [info] > git config --get commit.template [5ms]
2023-09-16 18:39:32.719 [info] > git for-each-ref --format=%(refname)%00%(upstream:short)%00%(objectname)%00%(upstream:track)%00%(upstream:remotename)%00%(upstream:remoteref) refs/heads/master refs/remotes/master [1ms]
2023-09-16 18:39:32.744 [info] > git status -z -uall [15ms]
2023-09-16 18:39:37.821 [info] > git config --get commit.template [4ms]
2023-09-16 18:39:37.821 [info] > git for-each-ref --format=%(refname)%00%(upstream:short)%00%(objectname)%00%(upstream:track)%00%(upstream:remotename)%00%(upstream:remoteref) refs/heads/master refs/remotes/master [1ms]
2023-09-16 18:39:37.844 [info] > git status -z -uall [19ms]
2023-09-16 18:39:42.919 [info] > git config --get commit.template [7ms]
2023-09-16 18:39:42.919 [info] > git for-each-ref --format=%(refname)%00%(upstream:short)%00%(objectname)%00%(upstream:track)%00%(upstream:remotename)%00%(upstream:remoteref) refs/heads/master refs/remotes/master [1ms]
2023-09-16 18:39:42.939 [info] > git status -z -uall [15ms]
2023-09-16 18:39:48.001 [info] > git config --get commit.template [0ms]
2023-09-16 18:39:48.005 [info] > git for-each-ref --format=%(refname)%00%(upstream:short)%00%(objectname)%00%(upstream:track)%00%(upstream:remotename)%00%(upstream:remoteref) refs/heads/master refs/remotes/master [1ms]
2023-09-16 18:39:48.026 [info] > git status -z -uall [17ms]
2023-09-16 18:39:53.097 [info] > git config --get commit.template [4ms]
2023-09-16 18:39:53.097 [info] > git for-each-ref --format=%(refname)%00%(upstream:short)%00%(objectname)%00%(upstream:track)%00%(upstream:remotename)%00%(upstream:remoteref) refs/heads/master refs/remotes/master [1ms]
2023-09-16 18:39:53.116 [info] > git status -z -uall [16ms]
2023-09-16 18:39:58.195 [info] > git config --get commit.template [1ms]
2023-09-16 18:39:58.202 [info] > git for-each-ref --format=%(refname)%00%(upstream:short)%00%(objectname)%00%(upstream:track)%00%(upstream:remotename)%00%(upstream:remoteref) refs/heads/master refs/remotes/master [1ms]
2023-09-16 18:39:58.225 [info] > git status -z -uall [18ms]
2023-09-16 18:40:03.288 [info] > git config --get commit.template [0ms]
2023-09-16 18:40:03.295 [info] > git for-each-ref --format=%(refname)%00%(upstream:short)%00%(objectname)%00%(upstream:track)%00%(upstream:remotename)%00%(upstream:remoteref) refs/heads/master refs/remotes/master [2ms]
2023-09-16 18:40:03.313 [info] > git status -z -uall [14ms]
2023-09-16 18:49:16.230 [info] > git config --get commit.template [10ms]
2023-09-16 18:49:16.234 [info] > git for-each-ref --format=%(refname)%00%(upstream:short)%00%(objectname)%00%(upstream:track)%00%(upstream:remotename)%00%(upstream:remoteref) refs/heads/master refs/remotes/master [8ms]
2023-09-16 18:49:16.339 [info] > git status -z -uall [84ms]
2023-09-16 18:49:21.531 [info] > git config --get commit.template [5ms]
2023-09-16 18:49:21.531 [info] > git for-each-ref --format=%(refname)%00%(upstream:short)%00%(objectname)%00%(upstream:track)%00%(upstream:remotename)%00%(upstream:remoteref) refs/heads/master refs/remotes/master [1ms]
2023-09-16 18:49:21.562 [info] > git status -z -uall [16ms]
2023-09-16 18:49:26.630 [info] > git config --get commit.template [6ms]
2023-09-16 18:49:26.630 [info] > git for-each-ref --format=%(refname)%00%(upstream:short)%00%(objectname)%00%(upstream:track)%00%(upstream:remotename)%00%(upstream:remoteref) refs/heads/master refs/remotes/master [1ms]
2023-09-16 18:49:26.650 [info] > git status -z -uall [16ms]
2023-09-16 18:49:31.723 [info] > git config --get commit.template [1ms]
2023-09-16 18:49:31.727 [info] > git for-each-ref --format=%(refname)%00%(upstream:short)%00%(objectname)%00%(upstream:track)%00%(upstream:remotename)%00%(upstream:remoteref) refs/heads/master refs/remotes/master [0ms]
2023-09-16 18:49:31.750 [info] > git status -z -uall [18ms]
2023-09-16 18:49:36.813 [info] > git config --get commit.template [1ms]
2023-09-16 18:49:36.818 [info] > git for-each-ref --format=%(refname)%00%(upstream:short)%00%(objectname)%00%(upstream:track)%00%(upstream:remotename)%00%(upstream:remoteref) refs/heads/master refs/remotes/master [0ms]
2023-09-16 18:49:36.837 [info] > git status -z -uall [14ms]
2023-09-16 18:49:41.907 [info] > git config --get commit.template [6ms]
2023-09-16 18:49:41.908 [info] > git for-each-ref --format=%(refname)%00%(upstream:short)%00%(objectname)%00%(upstream:track)%00%(upstream:remotename)%00%(upstream:remoteref) refs/heads/master refs/remotes/master [1ms]
2023-09-16 18:49:41.943 [info] > git status -z -uall [29ms]
2023-09-16 18:50:06.276 [info] > git config --get commit.template [0ms]
2023-09-16 18:50:06.284 [info] > git for-each-ref --format=%(refname)%00%(upstream:short)%00%(objectname)%00%(upstream:track)%00%(upstream:remotename)%00%(upstream:remoteref) refs/heads/master refs/remotes/master [2ms]
2023-09-16 18:50:06.309 [info] > git status -z -uall [19ms]
2023-09-16 18:50:11.406 [info] > git config --get commit.template [5ms]
2023-09-16 18:50:11.406 [info] > git for-each-ref --format=%(refname)%00%(upstream:short)%00%(objectname)%00%(upstream:track)%00%(upstream:remotename)%00%(upstream:remoteref) refs/heads/master refs/remotes/master [1ms]
2023-09-16 18:50:11.427 [info] > git status -z -uall [17ms]
2023-09-18 17:08:32.956 [info] > git check-ignore -v -z --stdin [25ms]
