2023-09-09 19:27:08.512 [info] Log level: Info
2023-09-09 19:27:08.512 [info] Validating found git in: "git"
2023-09-09 19:27:08.512 [info] Using git "2.34.1" from "git"
2023-09-09 19:27:08.512 [info] > git rev-parse --show-toplevel [7ms]
2023-09-09 19:27:08.512 [info] fatal: not a git repository (or any of the parent directories): .git
2023-09-09 19:27:08.512 [info] > git rev-parse --show-toplevel [6ms]
2023-09-09 19:27:08.512 [info] fatal: not a git repository (or any of the parent directories): .git
2023-09-09 19:27:08.513 [info] > git rev-parse --show-toplevel [1ms]
2023-09-09 19:27:08.513 [info] fatal: not a git repository (or any of the parent directories): .git
2023-09-09 19:27:08.524 [info] > git rev-parse --show-toplevel [1ms]
2023-09-09 19:27:08.524 [info] fatal: not a git repository (or any of the parent directories): .git
2023-09-09 19:27:08.528 [info] > git rev-parse --show-toplevel [1ms]
2023-09-09 19:27:08.528 [info] fatal: not a git repository (or any of the parent directories): .git
2023-09-09 19:27:08.532 [info] > git rev-parse --show-toplevel [0ms]
2023-09-09 19:27:08.532 [info] fatal: not a git repository (or any of the parent directories): .git
2023-09-09 19:27:08.538 [info] > git rev-parse --show-toplevel [1ms]
2023-09-09 19:27:08.538 [info] fatal: not a git repository (or any of the parent directories): .git
2023-09-09 19:27:08.542 [info] > git rev-parse --show-toplevel [1ms]
2023-09-09 19:27:08.542 [info] fatal: not a git repository (or any of the parent directories): .git
2023-09-09 19:27:08.547 [info] > git rev-parse --show-toplevel [1ms]
2023-09-09 19:27:08.547 [info] fatal: not a git repository (or any of the parent directories): .git
2023-09-09 19:27:08.552 [info] > git rev-parse --show-toplevel [1ms]
2023-09-09 19:27:08.552 [info] fatal: not a git repository (or any of the parent directories): .git
2023-09-09 19:27:08.556 [info] > git rev-parse --show-toplevel [0ms]
2023-09-09 19:27:08.556 [info] fatal: not a git repository (or any of the parent directories): .git
2023-09-09 19:27:08.561 [info] > git rev-parse --show-toplevel [1ms]
2023-09-09 19:27:08.561 [info] fatal: not a git repository (or any of the parent directories): .git
2023-09-09 19:27:08.566 [info] > git rev-parse --show-toplevel [1ms]
2023-09-09 19:27:08.566 [info] fatal: not a git repository (or any of the parent directories): .git
2023-09-09 19:27:08.571 [info] > git rev-parse --show-toplevel [1ms]
2023-09-09 19:27:08.571 [info] fatal: not a git repository (or any of the parent directories): .git
2023-09-09 19:27:08.575 [info] > git rev-parse --show-toplevel [0ms]
2023-09-09 19:27:08.575 [info] fatal: not a git repository (or any of the parent directories): .git
2023-09-09 19:27:08.579 [info] > git rev-parse --show-toplevel [1ms]
2023-09-09 19:27:08.579 [info] fatal: not a git repository (or any of the parent directories): .git
2023-09-09 19:27:08.584 [info] > git rev-parse --show-toplevel [1ms]
2023-09-09 19:27:08.584 [info] fatal: not a git repository (or any of the parent directories): .git
2023-09-09 19:27:08.588 [info] > git rev-parse --show-toplevel [0ms]
2023-09-09 19:27:08.588 [info] fatal: not a git repository (or any of the parent directories): .git
2023-09-09 19:27:08.593 [info] > git rev-parse --show-toplevel [1ms]
2023-09-09 19:27:08.593 [info] fatal: not a git repository (or any of the parent directories): .git
2023-09-09 19:27:08.596 [info] > git rev-parse --show-toplevel [1ms]
2023-09-09 19:27:08.596 [info] fatal: not a git repository (or any of the parent directories): .git
2023-09-10 18:47:49.345 [info] > git rev-parse --show-toplevel [13ms]
2023-09-10 18:47:49.381 [info] > git rev-parse --git-dir --git-common-dir [1ms]
2023-09-10 18:47:49.463 [info] Open repository: /home/olawale/git
2023-09-10 18:47:49.486 [info] > git config --get commit.template [2ms]
2023-09-10 18:47:49.499 [info] No remotes found in the git config file.
2023-09-10 18:47:49.501 [info] > git for-each-ref --format=%(refname)%00%(upstream:short)%00%(objectname)%00%(upstream:track)%00%(upstream:remotename)%00%(upstream:remoteref) refs/heads/master refs/remotes/master [3ms]
2023-09-10 18:47:49.524 [info] > git status -z -uall [5ms]
2023-09-10 18:47:49.552 [info] > git config --get commit.template [6ms]
2023-09-10 18:47:49.563 [info] No remotes found in the git config file.
2023-09-10 18:47:49.582 [info] > git for-each-ref --format=%(refname)%00%(upstream:short)%00%(objectname)%00%(upstream:track)%00%(upstream:remotename)%00%(upstream:remoteref) refs/heads/master refs/remotes/master [20ms]
2023-09-10 18:47:49.588 [info] > git status -z -uall [1ms]
2023-09-10 18:47:50.066 [info] > git check-ignore -v -z --stdin [4ms]
2023-09-10 19:03:57.717 [info] > git rev-parse --show-toplevel [1ms]
2023-09-10 19:03:57.737 [info] > git rev-parse --git-dir --git-common-dir [1ms]
2023-09-10 19:03:57.746 [info] Open repository: /home/olawale
2023-09-10 19:03:57.772 [info] No remotes found in the git config file.
2023-09-10 19:03:57.773 [info] > git config --get commit.template [16ms]
2023-09-10 19:03:57.773 [info] > git for-each-ref --format=%(refname)%00%(upstream:short)%00%(objectname)%00%(upstream:track)%00%(upstream:remotename)%00%(upstream:remoteref) refs/heads/master refs/remotes/master [2ms]
2023-09-10 19:03:58.040 [info] > git status -z -uall [252ms]
2023-09-10 19:03:58.130 [info] > git config --get commit.template [1ms]
2023-09-10 19:03:58.130 [info] No remotes found in the git config file.
2023-09-10 19:03:58.135 [info] > git for-each-ref --format=%(refname)%00%(upstream:short)%00%(objectname)%00%(upstream:track)%00%(upstream:remotename)%00%(upstream:remoteref) refs/heads/master refs/remotes/master [1ms]
2023-09-10 19:03:58.155 [info] > git status -z -uall [16ms]
2023-09-10 19:03:58.561 [info] > git check-ignore -v -z --stdin [24ms]
2023-09-10 19:03:58.563 [info] > git check-ignore -v -z --stdin [21ms]
2023-09-11 18:11:22.726 [info] > git check-ignore -v -z --stdin [6ms]
2023-09-11 18:53:12.312 [info] No remotes found in the git config file.
2023-09-11 18:53:12.315 [info] > git config --get commit.template [28ms]
2023-09-11 18:53:12.317 [info] > git for-each-ref --format=%(refname)%00%(upstream:short)%00%(objectname)%00%(upstream:track)%00%(upstream:remotename)%00%(upstream:remoteref) refs/heads/master refs/remotes/master [7ms]
2023-09-11 18:53:12.457 [info] > git status -z -uall [134ms]
2023-09-11 18:53:17.553 [info] No remotes found in the git config file.
2023-09-11 18:53:17.554 [info] > git config --get commit.template [6ms]
2023-09-11 18:53:17.555 [info] > git for-each-ref --format=%(refname)%00%(upstream:short)%00%(objectname)%00%(upstream:track)%00%(upstream:remotename)%00%(upstream:remoteref) refs/heads/master refs/remotes/master [1ms]
2023-09-11 18:53:17.567 [info] > git status -z -uall [9ms]
2023-09-11 19:20:17.714 [info] No remotes found in the git config file.
2023-09-11 19:20:17.722 [info] > git config --get commit.template [35ms]
2023-09-11 19:20:17.723 [info] > git for-each-ref --format=%(refname)%00%(upstream:short)%00%(objectname)%00%(upstream:track)%00%(upstream:remotename)%00%(upstream:remoteref) refs/heads/master refs/remotes/master [12ms]
2023-09-11 19:20:17.895 [info] > git status -z -uall [158ms]
2023-09-11 19:20:22.967 [info] No remotes found in the git config file.
2023-09-11 19:20:22.975 [info] > git config --get commit.template [8ms]
2023-09-11 19:20:22.975 [info] > git for-each-ref --format=%(refname)%00%(upstream:short)%00%(objectname)%00%(upstream:track)%00%(upstream:remotename)%00%(upstream:remoteref) refs/heads/master refs/remotes/master [1ms]
2023-09-11 19:20:22.992 [info] > git status -z -uall [10ms]
2023-09-11 19:21:14.444 [info] > git config --get commit.template [1ms]
2023-09-11 19:21:14.447 [info] No remotes found in the git config file.
2023-09-11 19:21:14.448 [info] > git for-each-ref --format=%(refname)%00%(upstream:short)%00%(objectname)%00%(upstream:track)%00%(upstream:remotename)%00%(upstream:remoteref) refs/heads/master refs/remotes/master [1ms]
2023-09-11 19:21:14.461 [info] > git status -z -uall [10ms]
2023-09-11 19:21:29.464 [info] > git config --get commit.template [6ms]
2023-09-11 19:21:29.464 [info] No remotes found in the git config file.
2023-09-11 19:21:29.465 [info] > git for-each-ref --format=%(refname)%00%(upstream:short)%00%(objectname)%00%(upstream:track)%00%(upstream:remotename)%00%(upstream:remoteref) refs/heads/master refs/remotes/master [2ms]
2023-09-11 19:21:29.477 [info] > git status -z -uall [8ms]
2023-09-11 19:21:34.503 [info] No remotes found in the git config file.
2023-09-11 19:21:34.508 [info] > git config --get commit.template [6ms]
2023-09-11 19:21:34.509 [info] > git for-each-ref --format=%(refname)%00%(upstream:short)%00%(objectname)%00%(upstream:track)%00%(upstream:remotename)%00%(upstream:remoteref) refs/heads/master refs/remotes/master [1ms]
2023-09-11 19:21:34.517 [info] > git status -z -uall [6ms]
2023-09-11 19:21:39.543 [info] No remotes found in the git config file.
2023-09-11 19:21:39.544 [info] > git config --get commit.template [9ms]
2023-09-11 19:21:39.544 [info] > git for-each-ref --format=%(refname)%00%(upstream:short)%00%(objectname)%00%(upstream:track)%00%(upstream:remotename)%00%(upstream:remoteref) refs/heads/master refs/remotes/master [1ms]
2023-09-11 19:21:39.554 [info] > git status -z -uall [6ms]
2023-09-11 19:21:44.574 [info] > git config --get commit.template [1ms]
2023-09-11 19:21:44.581 [info] No remotes found in the git config file.
2023-09-11 19:21:44.581 [info] > git for-each-ref --format=%(refname)%00%(upstream:short)%00%(objectname)%00%(upstream:track)%00%(upstream:remotename)%00%(upstream:remoteref) refs/heads/master refs/remotes/master [1ms]
2023-09-11 19:21:44.594 [info] > git status -z -uall [6ms]
2023-09-11 19:21:54.481 [info] > git config --get commit.template [1ms]
2023-09-11 19:21:54.486 [info] No remotes found in the git config file.
2023-09-11 19:21:54.487 [info] > git for-each-ref --format=%(refname)%00%(upstream:short)%00%(objectname)%00%(upstream:track)%00%(upstream:remotename)%00%(upstream:remoteref) refs/heads/master refs/remotes/master [1ms]
2023-09-11 19:21:54.498 [info] > git status -z -uall [6ms]
2023-09-11 19:22:07.496 [info] > git config --get commit.template [0ms]
2023-09-11 19:22:07.496 [info] No remotes found in the git config file.
2023-09-11 19:22:07.500 [info] > git for-each-ref --format=%(refname)%00%(upstream:short)%00%(objectname)%00%(upstream:track)%00%(upstream:remotename)%00%(upstream:remoteref) refs/heads/master refs/remotes/master [1ms]
2023-09-11 19:22:07.509 [info] > git status -z -uall [6ms]
2023-09-11 19:22:12.534 [info] No remotes found in the git config file.
2023-09-11 19:22:12.534 [info] > git config --get commit.template [6ms]
2023-09-11 19:22:12.535 [info] > git for-each-ref --format=%(refname)%00%(upstream:short)%00%(objectname)%00%(upstream:track)%00%(upstream:remotename)%00%(upstream:remoteref) refs/heads/master refs/remotes/master [1ms]
2023-09-11 19:22:12.544 [info] > git status -z -uall [5ms]
2023-09-11 19:22:18.504 [info] > git config --get commit.template [1ms]
2023-09-11 19:22:18.508 [info] No remotes found in the git config file.
2023-09-11 19:22:18.509 [info] > git for-each-ref --format=%(refname)%00%(upstream:short)%00%(objectname)%00%(upstream:track)%00%(upstream:remotename)%00%(upstream:remoteref) refs/heads/master refs/remotes/master [1ms]
2023-09-11 19:22:18.520 [info] > git status -z -uall [6ms]
2023-09-11 19:22:23.543 [info] > git config --get commit.template [1ms]
2023-09-11 19:22:23.549 [info] No remotes found in the git config file.
2023-09-11 19:22:23.549 [info] > git for-each-ref --format=%(refname)%00%(upstream:short)%00%(objectname)%00%(upstream:track)%00%(upstream:remotename)%00%(upstream:remoteref) refs/heads/master refs/remotes/master [1ms]
2023-09-11 19:22:23.558 [info] > git status -z -uall [5ms]
2023-09-11 19:22:28.578 [info] No remotes found in the git config file.
2023-09-11 19:22:28.582 [info] > git config --get commit.template [5ms]
2023-09-11 19:22:28.583 [info] > git for-each-ref --format=%(refname)%00%(upstream:short)%00%(objectname)%00%(upstream:track)%00%(upstream:remotename)%00%(upstream:remoteref) refs/heads/master refs/remotes/master [1ms]
2023-09-11 19:22:28.591 [info] > git status -z -uall [5ms]
2023-09-11 19:22:33.614 [info] > git config --get commit.template [1ms]
2023-09-11 19:22:33.618 [info] No remotes found in the git config file.
2023-09-11 19:22:33.618 [info] > git for-each-ref --format=%(refname)%00%(upstream:short)%00%(objectname)%00%(upstream:track)%00%(upstream:remotename)%00%(upstream:remoteref) refs/heads/master refs/remotes/master [1ms]
2023-09-11 19:22:33.627 [info] > git status -z -uall [6ms]
2023-09-11 19:22:38.651 [info] > git config --get commit.template [1ms]
2023-09-11 19:22:38.651 [info] No remotes found in the git config file.
2023-09-11 19:22:38.656 [info] > git for-each-ref --format=%(refname)%00%(upstream:short)%00%(objectname)%00%(upstream:track)%00%(upstream:remotename)%00%(upstream:remoteref) refs/heads/master refs/remotes/master [0ms]
2023-09-11 19:22:38.664 [info] > git status -z -uall [5ms]
2023-09-11 19:22:43.688 [info] > git config --get commit.template [2ms]
2023-09-11 19:22:43.693 [info] No remotes found in the git config file.
2023-09-11 19:22:43.693 [info] > git for-each-ref --format=%(refname)%00%(upstream:short)%00%(objectname)%00%(upstream:track)%00%(upstream:remotename)%00%(upstream:remoteref) refs/heads/master refs/remotes/master [0ms]
2023-09-11 19:22:43.702 [info] > git status -z -uall [6ms]
2023-09-11 19:22:48.722 [info] > git config --get commit.template [1ms]
2023-09-11 19:22:48.726 [info] No remotes found in the git config file.
2023-09-11 19:22:48.727 [info] > git for-each-ref --format=%(refname)%00%(upstream:short)%00%(objectname)%00%(upstream:track)%00%(upstream:remotename)%00%(upstream:remoteref) refs/heads/master refs/remotes/master [1ms]
2023-09-11 19:22:48.735 [info] > git status -z -uall [5ms]
2023-09-11 19:22:53.756 [info] No remotes found in the git config file.
2023-09-11 19:22:53.757 [info] > git config --get commit.template [4ms]
2023-09-11 19:22:53.757 [info] > git for-each-ref --format=%(refname)%00%(upstream:short)%00%(objectname)%00%(upstream:track)%00%(upstream:remotename)%00%(upstream:remoteref) refs/heads/master refs/remotes/master [1ms]
2023-09-11 19:22:53.766 [info] > git status -z -uall [6ms]
2023-09-11 19:22:58.788 [info] No remotes found in the git config file.
2023-09-11 19:22:58.792 [info] > git config --get commit.template [5ms]
2023-09-11 19:22:58.792 [info] > git for-each-ref --format=%(refname)%00%(upstream:short)%00%(objectname)%00%(upstream:track)%00%(upstream:remotename)%00%(upstream:remoteref) refs/heads/master refs/remotes/master [0ms]
2023-09-11 19:22:58.801 [info] > git status -z -uall [6ms]
2023-09-11 19:23:03.826 [info] > git config --get commit.template [1ms]
2023-09-11 19:23:03.832 [info] No remotes found in the git config file.
2023-09-11 19:23:03.833 [info] > git for-each-ref --format=%(refname)%00%(upstream:short)%00%(objectname)%00%(upstream:track)%00%(upstream:remotename)%00%(upstream:remoteref) refs/heads/master refs/remotes/master [1ms]
2023-09-11 19:23:03.842 [info] > git status -z -uall [5ms]
2023-09-11 19:23:08.870 [info] No remotes found in the git config file.
2023-09-11 19:23:08.871 [info] > git config --get commit.template [5ms]
2023-09-11 19:23:08.871 [info] > git for-each-ref --format=%(refname)%00%(upstream:short)%00%(objectname)%00%(upstream:track)%00%(upstream:remotename)%00%(upstream:remoteref) refs/heads/master refs/remotes/master [1ms]
2023-09-11 19:23:08.879 [info] > git status -z -uall [5ms]
2023-09-11 19:23:13.913 [info] > git config --get commit.template [6ms]
2023-09-11 19:23:13.913 [info] No remotes found in the git config file.
2023-09-11 19:23:13.913 [info] > git for-each-ref --format=%(refname)%00%(upstream:short)%00%(objectname)%00%(upstream:track)%00%(upstream:remotename)%00%(upstream:remoteref) refs/heads/master refs/remotes/master [1ms]
2023-09-11 19:23:13.922 [info] > git status -z -uall [5ms]
2023-09-11 19:23:16.591 [info] > git check-ignore -v -z --stdin [3ms]
2023-09-11 19:23:18.945 [info] No remotes found in the git config file.
2023-09-11 19:23:18.945 [info] > git config --get commit.template [6ms]
2023-09-11 19:23:18.946 [info] > git for-each-ref --format=%(refname)%00%(upstream:short)%00%(objectname)%00%(upstream:track)%00%(upstream:remotename)%00%(upstream:remoteref) refs/heads/master refs/remotes/master [1ms]
2023-09-11 19:23:18.956 [info] > git status -z -uall [5ms]
2023-09-11 19:23:23.977 [info] > git config --get commit.template [1ms]
2023-09-11 19:23:23.981 [info] No remotes found in the git config file.
2023-09-11 19:23:23.982 [info] > git for-each-ref --format=%(refname)%00%(upstream:short)%00%(objectname)%00%(upstream:track)%00%(upstream:remotename)%00%(upstream:remoteref) refs/heads/master refs/remotes/master [1ms]
2023-09-11 19:23:23.991 [info] > git status -z -uall [5ms]
2023-09-11 19:23:29.013 [info] No remotes found in the git config file.
2023-09-11 19:23:29.017 [info] > git config --get commit.template [4ms]
2023-09-11 19:23:29.018 [info] > git for-each-ref --format=%(refname)%00%(upstream:short)%00%(objectname)%00%(upstream:track)%00%(upstream:remotename)%00%(upstream:remoteref) refs/heads/master refs/remotes/master [1ms]
2023-09-11 19:23:29.031 [info] > git status -z -uall [9ms]
2023-09-11 19:23:34.055 [info] > git config --get commit.template [1ms]
2023-09-11 19:23:34.059 [info] No remotes found in the git config file.
2023-09-11 19:23:34.060 [info] > git for-each-ref --format=%(refname)%00%(upstream:short)%00%(objectname)%00%(upstream:track)%00%(upstream:remotename)%00%(upstream:remoteref) refs/heads/master refs/remotes/master [1ms]
2023-09-11 19:23:34.068 [info] > git status -z -uall [5ms]
2023-09-11 19:23:39.091 [info] > git config --get commit.template [1ms]
2023-09-11 19:23:39.094 [info] No remotes found in the git config file.
2023-09-11 19:23:39.095 [info] > git for-each-ref --format=%(refname)%00%(upstream:short)%00%(objectname)%00%(upstream:track)%00%(upstream:remotename)%00%(upstream:remoteref) refs/heads/master refs/remotes/master [0ms]
2023-09-11 19:23:39.108 [info] > git status -z -uall [9ms]
2023-09-11 19:23:44.135 [info] > git config --get commit.template [1ms]
2023-09-11 19:23:44.139 [info] No remotes found in the git config file.
2023-09-11 19:23:44.140 [info] > git for-each-ref --format=%(refname)%00%(upstream:short)%00%(objectname)%00%(upstream:track)%00%(upstream:remotename)%00%(upstream:remoteref) refs/heads/master refs/remotes/master [1ms]
2023-09-11 19:23:44.150 [info] > git status -z -uall [7ms]
2023-09-11 19:23:49.176 [info] > git config --get commit.template [6ms]
2023-09-11 19:23:49.176 [info] No remotes found in the git config file.
2023-09-11 19:23:49.176 [info] > git for-each-ref --format=%(refname)%00%(upstream:short)%00%(objectname)%00%(upstream:track)%00%(upstream:remotename)%00%(upstream:remoteref) refs/heads/master refs/remotes/master [1ms]
2023-09-11 19:23:49.186 [info] > git status -z -uall [5ms]
2023-09-11 19:23:54.212 [info] > git config --get commit.template [6ms]
2023-09-11 19:23:54.212 [info] No remotes found in the git config file.
2023-09-11 19:23:54.213 [info] > git for-each-ref --format=%(refname)%00%(upstream:short)%00%(objectname)%00%(upstream:track)%00%(upstream:remotename)%00%(upstream:remoteref) refs/heads/master refs/remotes/master [2ms]
2023-09-11 19:23:54.221 [info] > git status -z -uall [5ms]
2023-09-11 19:23:59.246 [info] No remotes found in the git config file.
2023-09-11 19:23:59.247 [info] > git config --get commit.template [6ms]
2023-09-11 19:23:59.247 [info] > git for-each-ref --format=%(refname)%00%(upstream:short)%00%(objectname)%00%(upstream:track)%00%(upstream:remotename)%00%(upstream:remoteref) refs/heads/master refs/remotes/master [2ms]
2023-09-11 19:23:59.258 [info] > git status -z -uall [6ms]
2023-09-11 19:24:04.276 [info] > git config --get commit.template [1ms]
2023-09-11 19:24:04.280 [info] No remotes found in the git config file.
2023-09-11 19:24:04.281 [info] > git for-each-ref --format=%(refname)%00%(upstream:short)%00%(objectname)%00%(upstream:track)%00%(upstream:remotename)%00%(upstream:remoteref) refs/heads/master refs/remotes/master [1ms]
2023-09-11 19:24:04.289 [info] > git status -z -uall [5ms]
2023-09-11 19:25:28.556 [info] > git config --get commit.template [0ms]
2023-09-11 19:25:28.556 [info] No remotes found in the git config file.
2023-09-11 19:25:28.564 [info] > git for-each-ref --format=%(refname)%00%(upstream:short)%00%(objectname)%00%(upstream:track)%00%(upstream:remotename)%00%(upstream:remoteref) refs/heads/master refs/remotes/master [1ms]
2023-09-11 19:25:28.578 [info] > git status -z -uall [8ms]
2023-09-11 19:25:33.598 [info] > git config --get commit.template [0ms]
2023-09-11 19:25:33.598 [info] No remotes found in the git config file.
2023-09-11 19:25:33.602 [info] > git for-each-ref --format=%(refname)%00%(upstream:short)%00%(objectname)%00%(upstream:track)%00%(upstream:remotename)%00%(upstream:remoteref) refs/heads/master refs/remotes/master [1ms]
2023-09-11 19:25:33.611 [info] > git status -z -uall [6ms]
2023-09-11 19:25:38.632 [info] > git config --get commit.template [0ms]
2023-09-11 19:25:38.635 [info] No remotes found in the git config file.
2023-09-11 19:25:38.635 [info] > git for-each-ref --format=%(refname)%00%(upstream:short)%00%(objectname)%00%(upstream:track)%00%(upstream:remotename)%00%(upstream:remoteref) refs/heads/master refs/remotes/master [0ms]
2023-09-11 19:25:38.643 [info] > git status -z -uall [5ms]
2023-09-11 19:25:43.665 [info] > git config --get commit.template [1ms]
2023-09-11 19:25:43.669 [info] No remotes found in the git config file.
2023-09-11 19:25:43.670 [info] > git for-each-ref --format=%(refname)%00%(upstream:short)%00%(objectname)%00%(upstream:track)%00%(upstream:remotename)%00%(upstream:remoteref) refs/heads/master refs/remotes/master [1ms]
2023-09-11 19:25:43.680 [info] > git status -z -uall [6ms]
2023-09-11 19:25:48.698 [info] No remotes found in the git config file.
2023-09-11 19:25:48.702 [info] > git config --get commit.template [4ms]
2023-09-11 19:25:48.703 [info] > git for-each-ref --format=%(refname)%00%(upstream:short)%00%(objectname)%00%(upstream:track)%00%(upstream:remotename)%00%(upstream:remoteref) refs/heads/master refs/remotes/master [1ms]
2023-09-11 19:25:48.712 [info] > git status -z -uall [6ms]
2023-09-11 19:25:53.738 [info] No remotes found in the git config file.
2023-09-11 19:25:53.738 [info] > git config --get commit.template [5ms]
2023-09-11 19:25:53.739 [info] > git for-each-ref --format=%(refname)%00%(upstream:short)%00%(objectname)%00%(upstream:track)%00%(upstream:remotename)%00%(upstream:remoteref) refs/heads/master refs/remotes/master [2ms]
2023-09-11 19:25:53.749 [info] > git status -z -uall [5ms]
2023-09-11 19:25:58.766 [info] > git config --get commit.template [1ms]
2023-09-11 19:25:58.770 [info] No remotes found in the git config file.
2023-09-11 19:25:58.771 [info] > git for-each-ref --format=%(refname)%00%(upstream:short)%00%(objectname)%00%(upstream:track)%00%(upstream:remotename)%00%(upstream:remoteref) refs/heads/master refs/remotes/master [1ms]
2023-09-11 19:25:58.780 [info] > git status -z -uall [6ms]
2023-09-11 19:26:03.806 [info] > git config --get commit.template [5ms]
2023-09-11 19:26:03.806 [info] No remotes found in the git config file.
2023-09-11 19:26:03.806 [info] > git for-each-ref --format=%(refname)%00%(upstream:short)%00%(objectname)%00%(upstream:track)%00%(upstream:remotename)%00%(upstream:remoteref) refs/heads/master refs/remotes/master [1ms]
2023-09-11 19:26:03.815 [info] > git status -z -uall [5ms]
2023-09-11 19:26:08.841 [info] > git config --get commit.template [6ms]
2023-09-11 19:26:08.841 [info] No remotes found in the git config file.
2023-09-11 19:26:08.841 [info] > git for-each-ref --format=%(refname)%00%(upstream:short)%00%(objectname)%00%(upstream:track)%00%(upstream:remotename)%00%(upstream:remoteref) refs/heads/master refs/remotes/master [1ms]
2023-09-11 19:26:08.849 [info] > git status -z -uall [5ms]
2023-09-11 19:26:13.872 [info] > git config --get commit.template [1ms]
2023-09-11 19:26:13.878 [info] No remotes found in the git config file.
2023-09-11 19:26:13.878 [info] > git for-each-ref --format=%(refname)%00%(upstream:short)%00%(objectname)%00%(upstream:track)%00%(upstream:remotename)%00%(upstream:remoteref) refs/heads/master refs/remotes/master [0ms]
2023-09-11 19:26:13.887 [info] > git status -z -uall [5ms]
2023-09-11 19:26:18.905 [info] > git config --get commit.template [1ms]
2023-09-11 19:26:18.909 [info] No remotes found in the git config file.
2023-09-11 19:26:18.910 [info] > git for-each-ref --format=%(refname)%00%(upstream:short)%00%(objectname)%00%(upstream:track)%00%(upstream:remotename)%00%(upstream:remoteref) refs/heads/master refs/remotes/master [0ms]
2023-09-11 19:26:18.918 [info] > git status -z -uall [5ms]
2023-09-11 19:26:23.934 [info] > git config --get commit.template [0ms]
2023-09-11 19:26:23.937 [info] No remotes found in the git config file.
2023-09-11 19:26:23.938 [info] > git for-each-ref --format=%(refname)%00%(upstream:short)%00%(objectname)%00%(upstream:track)%00%(upstream:remotename)%00%(upstream:remoteref) refs/heads/master refs/remotes/master [1ms]
2023-09-11 19:26:23.949 [info] > git status -z -uall [5ms]
2023-09-11 19:26:28.971 [info] > git config --get commit.template [1ms]
2023-09-11 19:26:28.975 [info] No remotes found in the git config file.
2023-09-11 19:26:28.975 [info] > git for-each-ref --format=%(refname)%00%(upstream:short)%00%(objectname)%00%(upstream:track)%00%(upstream:remotename)%00%(upstream:remoteref) refs/heads/master refs/remotes/master [0ms]
2023-09-11 19:26:28.983 [info] > git status -z -uall [5ms]
2023-09-11 19:26:34.003 [info] > git config --get commit.template [1ms]
2023-09-11 19:26:34.007 [info] No remotes found in the git config file.
2023-09-11 19:26:34.008 [info] > git for-each-ref --format=%(refname)%00%(upstream:short)%00%(objectname)%00%(upstream:track)%00%(upstream:remotename)%00%(upstream:remoteref) refs/heads/master refs/remotes/master [0ms]
2023-09-11 19:26:34.016 [info] > git status -z -uall [5ms]
2023-09-11 19:26:39.039 [info] > git config --get commit.template [1ms]
2023-09-11 19:26:39.043 [info] No remotes found in the git config file.
2023-09-11 19:26:39.043 [info] > git for-each-ref --format=%(refname)%00%(upstream:short)%00%(objectname)%00%(upstream:track)%00%(upstream:remotename)%00%(upstream:remoteref) refs/heads/master refs/remotes/master [0ms]
2023-09-11 19:26:39.052 [info] > git status -z -uall [5ms]
2023-09-11 19:26:44.074 [info] > git config --get commit.template [1ms]
2023-09-11 19:26:44.074 [info] No remotes found in the git config file.
2023-09-11 19:26:44.078 [info] > git for-each-ref --format=%(refname)%00%(upstream:short)%00%(objectname)%00%(upstream:track)%00%(upstream:remotename)%00%(upstream:remoteref) refs/heads/master refs/remotes/master [1ms]
2023-09-11 19:26:44.087 [info] > git status -z -uall [6ms]
2023-09-11 19:26:49.111 [info] > git config --get commit.template [1ms]
2023-09-11 19:26:49.115 [info] No remotes found in the git config file.
2023-09-11 19:26:49.115 [info] > git for-each-ref --format=%(refname)%00%(upstream:short)%00%(objectname)%00%(upstream:track)%00%(upstream:remotename)%00%(upstream:remoteref) refs/heads/master refs/remotes/master [0ms]
2023-09-11 19:26:49.124 [info] > git status -z -uall [5ms]
2023-09-11 19:26:54.151 [info] No remotes found in the git config file.
2023-09-11 19:26:54.152 [info] > git config --get commit.template [5ms]
2023-09-11 19:26:54.152 [info] > git for-each-ref --format=%(refname)%00%(upstream:short)%00%(objectname)%00%(upstream:track)%00%(upstream:remotename)%00%(upstream:remoteref) refs/heads/master refs/remotes/master [1ms]
2023-09-11 19:26:54.163 [info] > git status -z -uall [5ms]
2023-09-11 19:27:07.777 [info] > git config --get commit.template [1ms]
2023-09-11 19:27:07.782 [info] No remotes found in the git config file.
2023-09-11 19:27:07.782 [info] > git for-each-ref --format=%(refname)%00%(upstream:short)%00%(objectname)%00%(upstream:track)%00%(upstream:remotename)%00%(upstream:remoteref) refs/heads/master refs/remotes/master [1ms]
2023-09-11 19:27:07.793 [info] > git status -z -uall [8ms]
2023-09-12 16:54:26.762 [info] > git config --get commit.template [9ms]
2023-09-12 16:54:26.788 [info] No remotes found in the git config file.
2023-09-12 16:54:26.789 [info] > git for-each-ref --format=%(refname)%00%(upstream:short)%00%(objectname)%00%(upstream:track)%00%(upstream:remotename)%00%(upstream:remoteref) refs/heads/master refs/remotes/master [3ms]
2023-09-12 16:54:26.964 [info] > git status -z -uall [155ms]
2023-09-12 16:54:32.038 [info] No remotes found in the git config file.
2023-09-12 16:54:32.039 [info] > git config --get commit.template [5ms]
2023-09-12 16:54:32.039 [info] > git for-each-ref --format=%(refname)%00%(upstream:short)%00%(objectname)%00%(upstream:track)%00%(upstream:remotename)%00%(upstream:remoteref) refs/heads/master refs/remotes/master [1ms]
2023-09-12 16:54:32.055 [info] > git status -z -uall [8ms]
2023-09-12 16:55:58.491 [info] > git check-ignore -v -z --stdin [1ms]
2023-09-12 16:56:05.819 [info] > git check-ignore -v -z --stdin [1ms]
2023-09-12 16:56:12.960 [info] > git check-ignore -v -z --stdin [0ms]
2023-09-12 16:56:18.391 [info] > git check-ignore -v -z --stdin [1ms]
2023-09-12 16:56:29.479 [info] > git check-ignore -v -z --stdin [1ms]
2023-09-12 16:57:08.177 [info] > git check-ignore -v -z --stdin [1ms]
2023-09-12 16:57:14.434 [info] > git check-ignore -v -z --stdin [0ms]
2023-09-12 16:57:26.862 [info] > git check-ignore -v -z --stdin [1ms]
2023-09-12 16:57:35.197 [info] > git check-ignore -v -z --stdin [1ms]
2023-09-12 16:57:41.451 [info] > git check-ignore -v -z --stdin [1ms]
2023-09-12 16:58:01.450 [info] > git check-ignore -v -z --stdin [2ms]
2023-09-12 16:58:08.507 [info] > git check-ignore -v -z --stdin [1ms]
2023-09-12 16:58:14.532 [info] > git check-ignore -v -z --stdin [1ms]
2023-09-12 16:58:22.238 [info] > git check-ignore -v -z --stdin [1ms]
